350
0 0 2 6
0 7 2 13
3 0 5 6
3 7 5 13
6 0 10 2
6 3 10 6
6 7 10 9
6 10 10 13
11 0 15 2
11 3 15 5
16 0 21 2
16 3 21 5
11 6 16 9
11 10 16 13
17 6 21 9
17 10 21 13
22 0 38 0
22 1 38 1
39 0 55 0
39 1 55 1
22 2 38 2
39 2 55 2
22 3 38 3
39 3 55 3
22 4 31 5
32 4 41 5
42 4 55 4
42 5 55 5
22 6 38 6
39 6 55 6
22 7 26 9
27 7 31 9
32 7 37 9
38 7 43 9
44 7 49 9
50 7 55 9
22 10 38 10
22 11 38 11
39 10 55 10
39 11 55 11
22 12 38 12
39 12 55 12
22 13 38 13
39 13 55 13
0 14 0 30
1 14 1 30
2 14 2 30
3 14 3 30
4 16 8 18
9 14 12 18
4 19 7 23
8 19 12 20
8 21 12 23
4 24 8 26
4 27 8 30
9 26 12 30
13 14 17 17
13 18 17 21
13 22 17 25
13 26 17 27
13 28 17 30
18 16 22 18
23 14 25 18
26 14 28 18
29 14 33 16
29 17 33 18
34 14 36 18
37 14 38 18
18 19 22 21
23 19 27 21
28 19 32 21
33 19 38 21
18 22 38 22
18 23 38 23
39 14 46 16
39 17 46 19
39 20 46 21
39 22 46 23
47 14 50 18
47 19 50 23
51 14 55 15
51 16 55 18
51 19 55 20
51 21 55 23
18 24 37 24
18 25 37 25
38 24 55 24
38 25 55 25
18 26 36 26
37 26 55 26
18 27 36 27
37 27 55 27
18 28 21 30
22 28 26 30
27 28 31 30
32 28 36 30
37 28 41 30
42 28 47 30
48 28 55 30
0 31 6 33
0 34 6 35
0 36 6 37
7 31 11 33
7 34 11 37
0 38 11 39
0 40 11 41
0 42 2 46
3 42 5 46
0 47 5 50
0 51 5 54
6 42 8 47
6 48 8 54
9 42 11 47
9 48 11 54
0 55 2 59
3 55 5 59
0 60 2 66
3 60 5 66
6 55 8 60
6 61 8 66
9 55 11 60
9 61 11 66
0 67 5 70
0 71 5 74
6 67 11 70
6 71 11 74
0 75 5 77
6 75 11 77
0 78 11 79
12 31 14 35
15 31 18 35
19 31 22 35
23 31 26 35
12 36 18 38
12 39 18 41
19 36 26 38
19 39 26 41
12 42 13 52
14 42 15 52
16 42 20 43
16 44 20 46
16 47 17 52
18 47 20 52
21 42 26 44
21 45 26 47
21 48 23 52
24 48 26 52
12 53 13 60
12 61 13 68
14 53 15 60
14 61 15 68
16 53 17 60
16 61 17 68
18 53 18 68
19 53 19 68
12 69 15 73
16 69 19 73
12 74 19 76
12 77 19 79
20 53 23 58
20 59 23 64
24 53 26 58
24 59 26 64
20 65 22 71
20 72 22 79
23 65 26 68
23 69 26 72
23 73 24 79
25 73 26 79
30 31 35 33
36 32 44 33
27 34 30 36
31 34 35 36
36 35 44 36
27 37 29 41
32 37 34 41
35 37 37 41
38 37 40 41
41 37 44 41
27 42 30 45
31 42 34 45
35 42 44 43
35 44 44 45
27 46 30 50
31 46 32 50
33 46 35 50
36 46 39 50
40 48 44 50
45 31 47 34
45 35 47 39
48 31 50 34
48 35 50 39
51 31 55 34
51 35 55 36
51 37 55 39
45 40 49 42
50 40 55 42
45 43 55 44
45 45 50 47
45 48 50 50
51 45 53 50
27 51 29 56
27 57 29 63
27 64 29 71
27 72 29 79
30 51 32 58
30 59 32 66
30 67 32 72
30 73 32 79
33 51 33 64
33 65 33 79
34 51 34 62
34 63 34 79
35 51 37 57
35 58 37 65
35 66 37 72
35 73 37 79
38 51 42 53
38 54 42 57
43 51 45 57
46 51 48 57
38 58 43 60
38 61 43 63
44 58 48 60
44 61 48 63
38 64 44 66
45 64 48 66
38 67 48 68
38 69 48 70
38 71 43 74
38 75 40 79
41 75 43 79
44 71 45 75
46 71 48 75
44 76 48 79
49 51 55 52
49 53 55 54
49 55 55 57
49 58 51 65
52 58 53 65
54 58 55 65
49 66 51 72
49 73 51 79
52 66 53 72
54 66 55 72
52 73 53 79
54 73 55 79
56 0 67 1
56 2 67 3
56 4 67 5
56 6 67 7
56 8 67 9
56 10 67 11
56 12 58 16
59 12 61 16
62 12 64 16
65 12 67 16
56 17 57 22
58 17 60 22
56 23 60 25
56 26 60 28
56 29 60 32
56 35 60 37
61 17 64 21
61 22 64 26
61 27 62 37
63 27 64 37
65 17 67 21
65 22 67 26
65 27 67 31
65 32 67 37
68 0 79 1
68 2 79 3
68 4 79 5
68 6 79 7
68 8 70 14
68 15 70 22
71 8 73 14
71 15 73 22
74 8 76 14
74 15 76 22
77 8 79 14
77 15 79 22
68 23 69 29
70 23 71 29
68 30 71 33
68 34 71 37
72 23 74 29
72 30 74 37
75 23 79 26
75 27 79 29
75 30 79 33
75 34 79 37
56 38 57 47
59 38 61 42
59 43 61 47
56 48 58 54
56 55 58 62
59 48 61 54
59 55 61 62
62 38 63 44
64 38 65 44
62 45 65 50
62 51 65 56
62 57 65 62
56 63 65 64
56 65 65 66
56 67 60 69
61 67 65 69
56 70 60 72
56 73 60 74
56 77 60 79
61 70 62 74
63 70 65 74
61 77 65 79
66 38 72 40
66 41 72 43
73 38 79 40
73 41 79 43
66 44 79 44
66 45 79 45
66 46 79 46
66 47 79 47
66 48 79 48
66 49 79 49
66 50 72 51
73 50 79 51
66 52 72 54
73 52 79 54
66 55 72 56
66 57 72 58
66 59 72 60
66 61 72 62
66 63 72 65
66 66 72 67
66 68 72 69
73 55 73 69
74 55 74 69
75 55 76 61
75 62 76 69
77 55 79 61
77 62 79 69
66 70 68 74
69 70 71 74
72 70 75 74
76 70 79 74
66 75 79 75
66 76 79 76
66 77 72 79
73 77 79 79
