3826
0 0 3 1
4 0 8 1
0 2 4 3
5 2 8 3
2 4 3 7
4 4 8 5
4 6 8 7
0 8 1 11
2 8 4 11
0 12 2 14
5 9 8 11
5 12 8 14
9 0 12 1
9 2 12 3
9 4 10 8
11 4 12 8
13 0 14 4
15 0 16 4
13 6 16 8
17 0 18 3
19 0 21 3
17 4 18 8
20 4 21 8
9 9 10 14
11 11 13 14
14 9 16 11
14 12 16 14
17 9 18 14
19 9 21 11
22 0 24 2
22 3 24 5
22 6 24 9
26 0 27 5
25 6 27 9
28 0 28 9
29 0 29 9
30 0 31 4
32 2 34 4
35 2 38 4
39 0 40 4
42 2 44 4
45 0 46 4
47 0 48 4
30 5 40 5
30 6 40 6
41 6 48 6
30 7 38 7
30 9 38 9
41 7 43 9
46 7 48 9
49 0 56 0
49 1 56 1
59 0 63 1
55 2 63 2
52 3 55 4
56 3 63 3
49 7 51 9
52 5 53 9
54 5 55 9
56 5 59 7
60 5 63 7
56 8 63 8
56 9 63 9
24 11 28 12
29 10 31 12
37 10 39 12
40 10 42 12
22 13 33 13
34 13 45 13
22 14 33 14
34 14 45 14
46 10 50 11
48 12 50 14
51 12 53 14
54 10 63 10
54 11 63 11
54 12 56 14
61 12 63 14
64 0 65 3
68 0 69 3
70 0 71 3
72 0 75 1
72 2 75 3
76 0 81 1
76 2 81 3
64 4 69 5
74 5 81 5
72 6 76 7
77 6 81 7
64 8 72 8
73 8 81 8
64 9 72 9
73 9 81 9
64 10 67 12
68 10 71 12
72 11 76 12
77 10 81 11
64 13 73 13
64 14 73 14
77 13 81 14
82 1 85 2
85 3 88 4
84 5 88 6
89 1 98 1
89 2 98 2
89 4 92 6
93 5 98 6
99 0 101 3
99 4 101 6
102 0 104 3
102 4 104 6
105 0 106 3
88 7 95 7
96 7 107 7
82 8 93 8
99 8 107 8
82 9 93 9
94 9 102 9
83 10 84 14
85 10 88 11
85 12 88 14
96 10 107 10
96 11 107 11
89 12 99 12
100 12 107 12
92 13 101 13
89 14 99 14
100 14 107 14
113 0 120 0
121 0 130 0
108 1 116 1
122 1 132 1
113 2 121 2
122 2 129 2
143 0 151 0
152 0 163 0
137 1 148 1
137 2 148 2
149 1 157 1
149 2 158 2
115 3 122 3
112 4 122 4
123 3 134 3
123 4 134 4
135 3 139 4
145 3 149 4
153 3 156 4
157 3 161 4
108 5 111 6
112 5 117 6
112 7 117 8
120 5 121 8
122 5 125 6
125 7 128 8
129 6 132 8
133 5 134 8
135 5 136 8
137 5 142 6
137 7 142 8
143 7 147 8
150 5 154 6
150 7 153 8
157 5 159 8
160 6 163 8
168 0 171 1
172 0 180 0
172 1 180 1
181 0 185 1
186 0 190 1
194 0 199 1
164 3 171 3
168 4 171 5
172 2 176 3
177 2 181 3
182 2 186 3
176 4 179 5
180 4 189 4
180 5 189 5
190 2 191 5
192 2 194 5
195 2 199 3
195 4 199 5
164 6 167 8
173 6 175 8
176 6 179 8
180 7 184 8
187 6 189 8
190 7 194 8
197 6 199 8
108 9 119 9
125 9 133 9
134 9 145 9
150 9 159 9
108 10 118 10
119 10 128 10
129 10 137 10
145 10 154 10
108 11 119 11
126 11 133 11
139 11 146 11
151 11 159 11
160 9 162 11
167 9 169 11
170 9 172 11
177 9 179 11
185 9 192 9
180 10 189 10
180 11 189 11
190 10 199 10
190 11 199 11
108 12 111 14
112 12 114 14
120 12 122 14
123 12 125 14
126 12 129 14
130 12 133 14
134 12 137 14
146 12 153 12
138 13 147 13
138 14 146 14
167 12 176 12
154 13 163 13
154 14 163 14
164 13 168 14
171 13 176 14
179 12 181 14
182 12 184 14
185 13 189 14
190 12 192 14
196 12 199 14
0 15 5 16
0 17 5 18
0 19 2 21
3 19 5 21
0 23 5 24
3 25 5 27
6 15 10 16
6 17 10 18
13 15 15 18
6 19 8 21
9 19 11 21
12 19 15 21
12 22 15 23
6 24 11 25
6 26 11 27
12 24 13 27
14 24 15 27
16 15 18 17
19 15 21 17
16 18 21 19
16 20 21 21
16 22 18 24
16 25 18 27
19 22 21 24
19 25 21 27
22 17 25 18
22 19 25 20
22 23 23 27
24 23 25 27
26 15 35 15
26 16 35 16
36 15 46 15
47 15 58 15
36 16 46 16
47 16 58 16
26 17 37 17
38 17 49 17
26 18 37 18
38 18 49 18
30 19 40 19
50 17 53 19
56 17 58 19
26 20 35 20
43 20 51 20
26 21 35 21
41 21 49 21
50 21 58 21
30 22 39 22
46 22 54 22
26 23 36 23
26 24 30 25
31 24 34 25
35 24 44 24
35 25 44 25
45 23 47 25
48 23 50 25
51 23 55 24
51 25 58 25
26 26 33 26
33 27 40 27
50 26 58 26
41 27 49 27
50 27 58 27
62 15 66 16
59 17 66 17
59 20 61 22
60 23 61 27
62 22 63 27
64 18 66 21
64 22 66 24
64 25 66 27
69 15 71 17
67 18 71 19
67 20 71 21
67 22 68 27
69 24 71 27
72 15 80 15
100 15 108 15
72 16 82 16
83 16 93 16
94 16 104 16
105 16 115 16
120 15 130 15
136 15 146 15
147 15 155 15
156 15 167 15
168 15 177 15
178 15 187 15
188 15 199 15
121 16 129 16
136 16 143 16
144 16 155 16
162 16 171 16
177 16 186 16
187 16 195 16
80 17 87 17
72 18 79 18
80 18 87 18
72 19 75 20
83 19 87 20
96 17 105 17
88 18 91 20
94 18 97 20
98 18 101 20
102 18 105 20
106 17 108 20
111 17 113 20
114 17 119 18
114 19 119 20
120 17 124 18
120 19 124 20
125 17 127 20
129 17 132 19
133 17 138 18
133 19 142 19
133 20 142 20
143 17 152 17
153 17 163 17
146 18 155 18
143 19 154 19
143 20 154 20
155 19 160 20
164 18 167 20
168 17 170 20
171 17 172 20
173 17 178 18
173 19 178 20
179 19 182 20
187 17 191 18
183 19 191 19
183 20 191 20
192 17 196 18
192 20 199 20
72 21 75 23
76 21 78 23
81 21 83 23
84 21 87 23
72 24 73 27
74 24 76 27
77 24 87 24
77 25 87 25
77 26 87 26
77 27 87 27
92 21 97 22
98 21 103 22
104 21 113 21
104 22 113 22
114 21 124 21
114 22 124 22
88 23 91 24
92 23 96 24
99 23 103 24
104 23 114 23
104 24 113 24
114 24 124 24
88 25 98 25
99 25 109 25
117 25 124 25
90 26 94 27
95 26 105 26
95 27 105 27
106 26 115 26
106 27 115 27
116 26 124 26
116 27 124 27
132 21 142 21
129 22 137 22
125 23 129 24
134 23 137 24
138 23 142 24
125 25 135 25
125 26 134 26
125 27 133 27
134 27 142 27
143 21 146 23
147 21 150 23
151 21 154 23
155 21 158 23
146 24 148 26
149 24 151 26
152 24 154 26
155 24 158 26
150 27 158 27
163 21 166 22
167 21 174 21
167 22 174 22
175 21 178 22
159 23 169 23
170 23 181 23
159 24 169 24
159 25 169 25
170 24 181 24
170 25 181 25
165 26 174 26
159 27 169 27
170 27 181 27
182 22 185 24
186 21 190 22
186 23 190 24
191 21 199 21
191 22 199 22
191 23 194 24
195 23 199 24
182 25 192 25
185 26 189 27
190 26 194 27
195 26 199 27
3 31 6 32
7 30 9 32
10 28 12 30
13 30 15 32
16 30 18 32
0 33 2 36
3 33 5 36
6 33 10 34
6 35 10 36
11 34 18 34
11 35 18 35
0 37 4 38
0 39 4 40
0 42 4 43
2 44 4 46
0 47 4 48
2 49 4 51
0 52 1 56
2 54 4 56
5 37 5 47
6 37 6 47
7 37 7 47
8 39 12 40
8 42 10 44
8 46 12 47
5 49 12 49
7 50 12 51
5 52 6 56
7 52 8 56
9 52 10 56
11 52 12 56
13 37 15 39
17 37 18 41
13 43 18 44
13 45 15 47
16 45 18 47
13 48 15 50
13 53 15 56
16 48 18 51
16 54 18 56
20 28 21 32
23 28 24 32
20 33 21 37
22 35 24 37
26 28 27 33
25 34 27 37
28 30 30 33
28 34 30 37
31 30 34 32
31 33 32 37
35 28 36 32
35 33 36 37
37 28 38 32
37 33 38 37
39 28 41 30
39 33 41 35
42 28 45 30
42 31 45 33
42 35 45 37
19 39 24 40
19 41 21 43
22 41 24 43
26 38 27 43
28 38 30 40
19 44 22 46
23 44 25 46
26 45 30 46
19 47 30 47
19 48 30 48
19 49 24 50
25 49 30 50
31 40 33 43
34 38 36 40
34 41 36 43
31 44 36 45
31 46 33 48
34 46 36 48
31 49 36 50
37 38 41 39
37 41 41 42
37 43 41 44
42 41 43 44
44 40 45 44
37 45 40 47
37 48 40 50
41 45 42 50
43 45 45 48
19 51 22 53
19 54 22 56
23 51 26 52
23 54 25 56
26 54 29 56
33 51 37 52
38 51 45 51
38 52 45 52
30 53 32 56
33 53 34 56
35 53 40 54
35 55 40 56
41 53 45 54
41 55 45 56
46 28 54 28
46 29 48 31
49 29 52 31
53 29 56 31
57 29 60 31
49 32 52 33
53 32 61 32
53 33 61 33
46 37 47 40
46 41 47 46
46 47 47 51
46 52 47 56
48 34 48 44
48 45 48 56
49 43 49 51
50 34 52 36
50 37 52 39
50 42 52 44
50 45 52 47
50 48 52 50
50 53 52 56
53 34 53 43
54 34 54 44
54 45 54 56
55 34 58 36
59 34 61 36
55 37 57 39
58 37 61 39
55 40 57 42
58 40 61 42
57 43 61 44
56 45 57 49
58 45 59 49
60 45 61 49
55 53 56 56
57 52 58 56
60 52 61 56
62 28 64 31
63 32 64 36
62 39 64 41
65 28 67 31
65 32 67 35
65 38 67 41
62 42 64 45
62 48 64 50
65 42 67 44
65 47 67 50
62 51 64 53
65 51 67 53
65 54 67 56
68 30 70 32
69 33 70 37
68 38 68 48
68 49 68 56
69 38 69 48
69 49 69 56
70 38 70 47
71 28 71 38
71 39 71 46
72 35 72 46
71 47 72 51
71 52 72 56
73 30 75 33
76 30 78 33
79 28 81 30
82 28 84 30
79 31 84 32
75 34 77 36
78 34 80 36
81 34 84 36
73 40 75 42
76 37 78 39
76 40 78 42
79 37 81 39
79 40 81 42
82 39 84 42
73 43 84 43
73 44 84 44
73 45 75 48
76 45 78 48
79 45 84 46
79 47 84 48
73 49 74 52
73 55 76 56
77 49 80 51
81 49 84 51
77 52 78 56
79 52 80 56
81 52 82 56
83 52 84 56
85 30 86 34
85 35 86 39
85 40 86 44
87 28 91 29
87 30 91 31
87 32 88 37
87 41 88 44
89 32 90 37
89 38 90 42
91 32 91 39
92 28 92 36
92 37 92 44
93 28 93 35
93 36 93 44
94 28 96 31
94 32 96 35
97 28 99 31
97 32 99 35
100 28 101 32
102 28 103 32
104 28 105 32
106 28 107 32
100 33 103 35
104 33 107 35
94 36 97 38
98 38 100 40
96 41 100 42
94 43 97 44
101 36 102 40
103 36 104 40
105 38 107 40
101 41 105 42
101 43 105 44
108 28 117 28
112 29 122 29
108 30 110 32
111 30 114 32
115 30 118 32
119 30 122 32
108 33 110 35
111 33 114 35
115 33 118 35
119 33 122 35
108 38 110 41
111 38 113 41
108 42 110 44
114 36 117 38
120 36 122 38
114 39 117 41
118 39 120 41
116 42 118 44
119 42 122 44
123 28 124 32
123 33 125 36
126 30 129 31
126 32 127 36
128 32 129 36
125 40 129 41
123 42 125 44
126 42 129 44
85 45 96 45
97 45 108 45
85 46 87 48
88 46 90 48
93 47 97 48
98 46 100 48
101 46 103 48
106 46 108 48
85 49 96 49
97 49 108 49
85 50 96 50
97 50 108 50
85 51 96 51
97 51 108 51
85 52 96 52
97 52 108 52
85 53 96 53
97 53 108 53
85 54 95 54
91 55 99 55
85 56 96 56
97 56 108 56
109 45 120 45
109 46 120 46
111 47 113 49
114 48 118 49
121 45 122 49
123 45 124 49
125 45 129 46
125 47 127 49
109 53 110 56
111 50 112 54
113 50 115 52
113 53 115 56
116 50 118 52
119 50 121 52
116 53 121 54
116 55 121 56
122 50 125 52
126 50 129 52
122 53 123 56
126 53 129 54
126 55 129 56
130 28 131 33
130 34 131 39
132 28 132 39
133 28 134 33
133 34 134 39
136 28 137 32
138 28 140 30
141 28 142 32
143 28 144 32
135 34 139 35
142 33 144 35
135 36 140 37
135 39 144 39
149 28 153 29
145 30 148 32
151 30 153 32
154 30 156 32
157 28 159 30
145 33 147 35
148 33 150 35
151 33 154 35
155 34 159 35
148 36 151 37
155 36 159 37
151 38 159 38
145 39 153 39
130 40 133 42
130 43 133 45
130 46 130 56
131 46 131 56
132 46 132 56
133 46 133 56
134 40 135 45
137 40 138 45
134 48 136 50
134 51 136 53
134 54 136 56
137 46 137 56
138 46 138 56
141 40 143 42
139 43 141 46
142 43 143 46
139 47 143 48
139 49 143 50
141 51 143 53
139 55 143 56
144 41 151 41
144 43 151 43
146 44 151 45
144 47 151 47
144 48 147 49
144 54 147 56
148 48 149 51
150 48 151 51
148 52 149 56
150 52 151 56
153 40 154 44
152 49 154 51
155 40 157 43
155 44 157 47
155 48 157 51
158 40 159 45
158 46 159 51
152 52 153 56
154 52 155 56
156 52 157 56
158 52 159 56
160 28 164 29
160 30 164 31
162 32 164 35
162 36 164 38
162 39 164 41
165 28 167 30
168 28 170 30
165 31 170 32
165 35 168 36
165 37 166 41
167 37 168 41
169 36 170 41
171 29 176 30
174 31 176 33
179 28 181 30
182 28 184 30
185 28 187 30
179 31 181 33
182 31 184 33
171 34 174 35
171 36 174 37
171 39 174 41
175 34 176 38
177 34 178 38
175 39 178 41
179 35 182 37
179 38 182 39
179 40 182 41
183 34 185 37
183 38 185 41
186 37 187 41
160 42 171 42
172 42 179 42
180 42 187 42
160 43 163 45
164 43 166 45
167 43 169 45
170 43 173 45
176 43 178 45
179 43 182 45
185 43 187 45
166 46 174 46
180 46 187 46
166 47 173 47
179 47 187 47
166 48 175 48
176 48 187 48
173 49 184 49
160 50 171 50
172 50 180 50
163 51 173 51
165 52 173 52
174 51 177 52
178 51 183 52
160 54 163 56
164 53 166 56
172 53 180 53
170 54 180 54
184 53 187 54
167 55 175 55
167 56 175 56
176 55 187 55
176 56 187 56
190 29 194 30
195 29 199 30
188 31 189 36
191 31 194 33
191 34 194 36
195 31 197 33
197 34 199 36
188 37 191 39
192 37 194 39
188 41 191 42
195 39 197 42
198 37 199 42
188 43 199 43
188 44 199 44
188 45 199 45
188 46 199 46
188 47 199 47
188 48 199 48
188 49 190 51
191 49 193 51
194 49 196 51
197 49 199 51
188 52 193 53
188 55 193 56
194 54 196 56
197 52 199 54
0 58 5 59
6 58 11 59
0 60 11 60
0 61 11 61
0 62 11 62
14 57 16 59
12 60 14 62
17 57 19 59
20 57 22 59
17 60 19 62
0 64 5 65
3 66 5 68
6 63 8 65
6 67 10 68
11 63 13 65
11 66 13 68
14 65 16 68
17 66 19 68
20 63 22 65
20 66 22 68
11 69 22 69
11 70 22 70
2 71 4 73
8 71 11 72
14 71 16 73
17 71 19 73
0 74 11 74
0 75 11 75
12 74 15 75
0 76 10 76
0 77 10 77
11 76 22 76
11 77 22 77
0 78 8 78
10 79 19 79
23 58 26 60
23 61 26 63
23 65 26 67
23 68 24 73
25 68 26 73
23 74 26 76
23 77 26 79
27 57 27 67
28 57 28 67
29 57 29 67
30 57 30 67
27 68 30 69
27 72 30 73
27 78 30 79
0 80 7 80
5 81 15 81
6 82 15 82
5 83 15 83
0 84 2 86
8 84 10 86
11 85 15 86
4 87 8 88
4 89 8 90
9 87 11 90
12 88 15 90
0 94 1 98
2 95 3 98
4 93 6 95
7 93 9 95
4 97 9 98
10 91 11 94
10 95 11 98
13 91 13 98
14 95 15 98
0 99 7 99
11 99 15 100
0 102 4 103
5 102 9 103
10 101 12 103
13 101 15 103
16 85 16 94
17 93 17 103
18 80 19 85
18 89 19 92
18 93 18 103
19 93 19 103
20 80 23 82
24 80 26 82
20 83 22 86
20 87 22 90
23 83 23 90
25 83 26 87
20 91 22 93
23 91 26 93
20 94 24 95
22 97 26 98
23 99 26 100
20 101 23 103
24 101 26 103
27 82 28 86
27 87 28 91
27 92 27 103
28 92 28 103
29 80 30 85
29 86 30 91
29 92 30 97
29 98 30 103
0 104 3 106
2 107 3 110
0 111 3 113
0 115 3 117
4 104 12 104
4 105 12 105
13 104 15 106
16 104 18 106
4 109 6 111
4 112 6 114
4 115 6 117
7 107 9 110
7 111 8 114
10 110 11 113
12 107 13 110
14 109 15 113
16 107 17 111
10 114 14 115
10 116 14 117
15 114 18 116
19 104 21 106
19 107 21 110
19 111 21 114
19 115 21 117
23 104 23 111
22 112 23 117
24 104 26 107
24 108 26 111
24 112 26 114
27 106 28 110
27 113 28 117
29 109 29 117
30 109 30 117
0 118 3 120
4 118 6 120
7 118 10 120
0 121 10 121
0 122 10 122
0 123 2 125
3 123 5 125
8 123 10 125
0 126 4 127
0 129 4 130
5 126 10 127
5 129 10 130
2 132 6 133
7 131 10 133
15 118 23 118
11 119 19 119
11 122 12 126
14 120 17 122
14 124 17 126
18 120 20 122
21 120 23 122
20 123 23 124
24 119 28 120
24 121 26 124
29 121 30 124
26 125 30 126
11 127 20 127
21 127 30 127
11 128 21 128
22 128 30 128
12 129 13 133
14 129 16 131
17 129 20 130
17 131 20 133
21 129 25 130
26 129 30 130
23 131 25 133
26 131 28 133
1 134 1 141
0 145 1 149
0 157 0 164
1 156 1 164
0 165 0 173
0 174 0 184
0 190 0 198
1 165 1 176
1 177 1 184
2 134 2 142
2 158 2 165
2 166 2 177
2 187 2 198
3 134 3 142
4 134 4 142
3 143 4 147
3 148 4 152
3 153 4 158
3 159 4 164
3 165 4 168
3 169 4 172
3 173 3 180
4 173 4 180
3 190 3 198
4 181 4 191
4 192 4 202
5 141 5 152
5 153 5 162
5 163 5 172
5 173 5 180
5 193 5 202
6 151 6 161
6 162 6 172
6 173 6 180
6 188 6 196
7 140 7 148
7 153 7 161
7 162 7 171
7 172 7 181
7 189 7 197
8 134 8 142
8 151 8 159
8 166 8 174
8 175 8 183
8 184 8 193
8 194 8 202
9 134 13 135
9 136 11 138
9 140 13 141
9 143 13 144
9 145 13 146
9 147 13 148
11 149 13 152
9 153 13 154
9 155 13 156
14 134 18 135
14 136 17 138
14 139 18 140
14 141 18 142
14 143 16 145
14 146 14 156
15 146 15 156
16 146 18 148
16 154 18 156
9 157 9 167
10 157 10 167
9 168 10 171
9 172 10 177
11 162 11 171
12 157 12 167
12 168 12 177
13 157 18 158
13 159 15 161
13 162 18 163
13 164 18 165
13 168 15 171
13 175 15 177
16 169 18 171
16 172 18 174
9 178 9 187
10 185 10 193
11 178 13 181
11 182 13 185
14 178 15 181
11 186 15 187
13 188 15 190
13 191 15 193
9 196 11 198
12 194 13 198
12 199 15 200
11 201 15 202
16 178 17 183
16 186 18 188
16 189 16 196
17 189 17 196
18 189 18 196
16 197 18 199
16 200 18 202
19 137 20 140
19 143 20 147
19 148 20 153
19 154 20 158
21 139 21 146
21 153 21 160
23 134 24 138
22 139 24 141
22 142 24 145
22 146 24 149
22 150 24 152
22 153 24 156
22 157 24 160
25 134 26 137
25 140 28 142
25 143 28 145
25 148 28 149
25 150 26 154
27 150 27 160
28 150 28 160
19 161 28 161
19 162 28 162
19 163 28 163
19 164 28 164
20 165 21 169
22 165 23 169
24 165 28 166
26 167 28 169
21 170 23 173
24 170 28 171
24 172 28 173
29 139 29 147
29 148 29 155
30 134 30 145
30 152 30 160
29 161 30 166
29 169 30 173
19 178 19 186
19 193 19 202
20 179 20 190
20 191 20 202
21 178 21 188
21 189 21 199
22 180 22 187
22 188 22 196
23 179 23 187
23 195 23 202
24 174 26 177
24 178 26 180
24 181 26 183
25 184 26 188
24 191 26 193
24 194 26 197
24 198 26 200
27 174 28 177
29 174 30 177
27 179 30 181
27 182 30 184
27 185 30 186
27 191 28 195
29 189 30 192
27 196 30 198
27 200 30 202
33 57 35 59
31 60 35 61
36 57 40 58
36 59 38 61
31 62 33 64
31 68 33 70
31 71 33 74
34 62 36 64
37 62 38 66
34 67 38 68
34 71 38 72
34 73 38 74
39 66 39 74
40 66 40 74
43 57 47 58
41 59 45 60
41 61 44 62
45 61 47 64
41 65 42 69
41 70 42 74
43 65 45 68
46 65 47 70
43 71 47 72
43 73 47 74
31 75 31 84
31 85 31 95
31 96 31 106
31 107 31 117
31 122 31 132
31 133 31 141
31 154 31 165
31 166 31 174
31 175 31 186
31 193 31 202
32 78 33 81
32 85 33 88
32 95 32 102
33 89 33 96
32 103 33 108
32 113 33 118
32 119 33 122
32 123 33 127
32 128 32 139
32 140 32 147
32 148 32 155
33 128 33 139
33 140 33 148
32 166 33 171
32 172 33 177
32 178 33 183
32 184 33 189
34 75 34 82
34 83 34 94
34 110 34 120
34 128 34 139
34 140 34 148
34 155 34 166
34 167 34 175
34 176 34 184
34 192 34 202
35 75 36 78
35 83 36 86
35 91 36 96
35 97 36 102
35 103 35 112
35 119 35 127
36 110 36 118
36 119 36 127
35 133 35 143
35 144 35 154
36 133 36 143
36 144 36 154
35 155 35 163
35 164 35 173
35 174 35 184
36 160 36 167
36 176 36 183
35 191 36 195
35 198 36 202
37 81 37 88
37 94 37 102
37 109 37 116
37 117 37 125
37 135 37 143
37 144 37 153
37 160 37 170
37 176 37 184
37 185 37 195
38 75 38 84
38 96 38 104
38 113 38 124
38 141 38 149
38 155 38 163
38 173 38 180
38 187 38 194
38 195 38 202
39 80 39 87
39 88 39 96
40 81 40 88
40 94 40 101
39 102 40 106
39 107 40 111
39 112 39 120
39 121 39 129
40 116 40 124
41 75 44 77
41 78 44 80
41 81 44 83
41 87 42 91
43 87 44 91
41 92 42 96
43 92 44 96
41 97 41 107
42 97 42 107
43 97 43 107
44 97 44 107
41 109 44 111
41 112 44 114
41 115 42 118
41 119 44 121
41 122 44 124
41 125 44 127
39 130 40 133
41 130 42 134
39 137 42 139
39 140 42 142
43 135 43 142
44 133 44 142
39 143 41 146
39 149 41 151
42 143 42 151
43 143 43 151
39 152 41 155
39 156 41 159
42 152 44 155
42 156 44 159
39 163 41 165
42 160 44 162
42 163 44 165
39 169 41 171
39 174 41 177
42 166 44 169
42 170 44 173
42 174 44 177
39 178 40 183
39 184 40 189
41 178 41 189
40 190 41 195
42 184 42 195
43 178 43 188
44 178 44 188
43 192 44 195
39 199 40 202
41 196 44 198
41 200 44 202
45 75 46 79
45 82 47 84
45 85 45 93
45 94 45 104
46 94 46 104
45 109 46 112
47 85 47 96
47 103 47 112
45 113 47 116
45 117 47 120
45 123 47 125
45 128 47 130
45 131 45 141
45 142 45 152
45 157 45 165
45 171 45 180
46 131 47 135
46 136 47 141
46 142 46 151
47 142 47 151
46 152 46 160
47 156 47 165
46 169 47 173
45 183 47 185
45 188 47 190
45 191 47 193
45 194 47 196
45 197 47 200
48 57 51 58
50 59 54 60
50 61 54 62
48 63 51 64
48 65 52 66
48 67 52 68
48 70 52 71
48 72 50 74
53 65 54 69
53 70 54 74
48 75 49 79
50 75 51 79
48 80 51 81
48 82 51 84
52 77 54 79
53 80 54 84
48 85 50 87
51 85 54 87
50 88 54 89
55 64 55 74
56 63 56 74
57 57 59 60
57 61 59 64
57 67 59 70
57 71 59 74
55 75 59 76
55 77 59 78
55 79 56 82
57 79 59 82
55 83 59 84
55 85 59 86
55 87 59 88
55 89 59 90
60 63 60 74
60 82 60 90
61 64 61 73
62 62 62 73
61 77 62 81
61 82 62 85
61 86 62 90
63 57 63 64
63 71 63 81
48 91 50 94
51 91 52 94
53 91 54 94
48 98 49 101
50 95 51 99
52 95 54 97
52 98 54 101
48 102 49 106
50 102 50 109
51 102 52 105
51 106 52 109
53 105 54 109
48 110 51 111
52 110 54 113
48 114 52 115
50 116 54 117
51 118 54 119
48 120 51 121
55 91 56 94
55 98 56 101
55 102 56 105
55 106 56 109
55 110 56 113
55 114 56 117
58 91 59 96
57 97 59 100
57 101 59 103
57 104 59 107
57 108 58 112
57 113 59 116
57 117 59 119
60 105 60 112
61 98 61 105
61 106 61 116
62 91 63 96
62 100 63 104
62 111 62 121
63 105 63 112
63 113 63 121
64 59 66 61
64 64 66 66
67 57 67 66
68 57 68 66
64 67 64 77
65 67 65 77
66 67 68 69
66 73 67 77
65 78 65 85
64 89 65 94
64 95 64 103
65 95 65 102
64 114 64 121
65 109 65 117
67 78 68 83
66 84 68 87
66 88 68 90
66 91 68 93
66 94 68 97
66 98 68 101
66 104 68 106
66 107 68 109
66 112 68 115
66 116 67 121
69 57 70 60
69 63 72 64
69 69 70 73
71 65 71 73
72 65 72 73
69 74 70 77
69 78 70 81
69 82 69 90
70 82 70 90
71 74 72 77
71 78 72 81
71 82 71 90
72 82 72 90
69 91 72 92
69 95 72 97
69 98 72 99
69 104 69 112
70 100 70 110
70 111 70 121
71 100 71 110
72 100 72 110
71 111 71 121
72 111 72 121
73 59 75 61
77 57 78 61
74 62 75 66
77 62 78 66
79 59 81 62
79 63 81 66
82 57 85 58
82 59 85 61
82 62 83 66
84 62 85 66
75 67 76 70
73 71 76 73
73 74 74 78
75 74 76 78
73 80 76 82
73 83 76 84
73 85 76 86
77 67 78 71
79 67 80 71
77 72 78 76
79 72 80 76
77 77 78 81
79 77 80 81
77 82 78 86
79 82 80 86
81 67 83 70
81 73 83 75
84 67 85 72
84 73 85 78
81 79 85 80
81 81 85 82
81 83 85 84
81 85 85 86
73 87 73 97
73 105 73 112
74 87 74 97
74 104 74 112
74 113 74 121
76 87 77 92
75 95 77 98
76 99 77 102
75 106 77 109
75 110 77 113
75 114 77 116
78 87 78 97
78 98 78 109
78 110 78 121
79 87 81 90
79 91 81 94
79 95 81 98
79 101 81 103
79 106 81 109
80 110 81 114
79 115 81 117
79 118 81 121
82 87 82 97
82 98 82 108
83 87 83 97
83 98 83 108
82 109 82 117
83 114 83 121
84 87 84 94
84 95 84 103
84 110 84 121
85 87 85 97
85 103 85 113
86 57 89 59
86 60 89 62
90 57 93 59
90 60 93 62
94 58 98 59
96 60 98 62
86 63 88 66
86 67 88 69
89 63 92 65
89 67 92 69
93 63 95 66
96 63 98 66
93 67 95 69
96 67 98 69
86 70 88 73
89 70 90 73
91 70 92 73
93 70 98 71
93 72 98 73
86 74 91 75
95 74 98 75
86 76 94 76
90 77 98 77
86 78 86 86
86 87 86 96
87 78 87 88
87 89 87 96
88 78 90 81
88 84 90 86
88 89 90 91
88 94 90 96
86 97 90 98
86 101 90 102
86 105 88 107
86 108 88 111
89 103 89 111
90 103 90 111
86 112 87 116
86 117 87 121
88 114 90 117
88 118 90 121
91 78 91 89
91 90 91 97
91 98 91 106
92 78 92 85
92 86 92 93
92 94 92 101
91 110 92 114
91 118 92 121
93 78 95 81
93 82 95 85
96 81 97 85
98 78 98 85
93 86 98 87
93 88 98 89
93 90 98 91
93 92 98 93
93 96 95 98
93 99 94 103
96 96 98 98
96 101 98 103
93 104 95 107
93 108 95 111
93 112 95 115
93 116 94 121
96 104 98 107
96 108 98 111
96 119 98 121
101 57 103 60
104 57 107 58
104 59 107 60
99 61 102 62
103 61 107 62
99 63 103 64
104 63 107 64
110 57 112 60
113 57 117 58
113 59 117 60
108 61 112 62
113 61 117 62
108 63 117 63
108 64 117 64
118 57 122 58
118 60 119 64
120 60 121 64
122 60 123 64
124 60 125 64
126 57 135 57
126 58 135 58
126 59 128 61
131 59 133 61
128 62 130 64
133 62 135 64
136 57 137 61
139 59 141 61
142 57 143 61
145 57 146 61
138 62 140 64
141 63 146 64
147 57 158 57
159 57 170 57
177 57 185 57
189 57 199 57
150 58 159 58
147 59 155 59
147 60 154 60
166 58 173 58
180 58 187 58
163 59 173 59
174 59 182 59
167 60 175 60
176 60 187 60
188 58 190 60
191 58 194 60
197 58 199 60
147 61 151 62
147 63 151 64
152 62 155 64
158 61 162 62
163 61 166 62
162 63 169 63
156 64 163 64
176 61 183 61
176 62 183 62
175 63 183 63
170 64 177 64
188 61 191 62
184 63 191 63
192 61 199 61
192 62 199 62
192 63 199 63
192 64 199 64
99 67 102 69
103 65 106 66
103 67 106 69
99 73 100 77
101 70 101 77
102 70 106 71
102 72 104 74
104 75 106 77
99 78 102 80
103 78 106 80
99 81 102 83
103 81 106 83
99 84 100 88
101 84 102 88
103 84 104 88
105 84 106 88
107 67 108 71
107 72 108 76
109 72 109 80
110 70 110 80
107 81 110 82
107 87 110 88
111 65 113 67
111 68 113 70
111 71 113 73
111 74 113 77
111 80 113 82
111 83 113 85
99 89 101 91
102 89 105 91
99 92 101 94
102 92 105 94
106 89 108 91
106 92 108 94
109 91 111 94
112 89 113 94
103 95 107 96
103 97 107 98
99 99 102 100
103 99 107 100
99 101 107 101
99 102 107 102
99 105 102 106
99 107 102 109
99 110 102 112
105 103 107 105
105 106 107 108
103 109 107 110
103 111 107 112
108 95 110 98
109 99 110 104
108 105 110 108
108 109 110 112
111 95 113 97
111 98 113 100
111 101 113 103
111 106 113 108
111 109 113 112
114 65 115 69
116 67 118 69
120 65 121 69
122 67 124 69
125 67 127 69
128 65 130 67
132 65 133 69
134 65 135 69
137 65 141 66
137 67 139 69
142 65 143 69
144 65 145 69
146 65 147 69
148 65 149 69
150 65 154 66
152 67 154 69
155 65 163 65
155 66 163 66
155 67 158 69
161 67 163 69
165 65 166 69
167 65 170 66
167 67 170 69
175 65 184 65
177 66 184 66
174 67 176 69
177 67 180 69
181 67 184 69
186 65 187 69
188 65 190 67
114 70 115 73
116 70 118 73
119 70 121 73
122 70 124 73
128 70 131 71
132 70 136 71
132 72 136 73
137 70 142 71
137 72 142 73
143 71 146 73
147 71 150 73
151 70 155 71
151 72 155 73
172 70 183 70
163 71 171 71
163 72 171 72
164 73 171 73
172 71 175 73
176 71 179 73
180 71 182 73
188 71 190 73
114 74 117 76
118 74 121 76
124 74 126 76
127 74 130 76
131 74 134 76
135 74 138 76
141 74 143 76
144 74 147 76
148 74 157 74
158 74 167 74
148 75 158 75
159 75 167 75
154 76 162 76
168 74 171 76
174 74 176 76
177 74 179 76
180 74 182 76
183 74 186 76
187 74 190 76
116 77 118 79
119 77 122 79
114 81 118 82
119 80 122 82
114 83 116 85
117 83 119 85
114 86 119 87
121 83 122 87
123 77 125 80
123 81 125 83
126 80 127 83
128 77 129 80
123 84 125 87
126 86 129 87
114 88 115 92
116 88 117 92
118 88 120 90
121 88 124 90
120 91 124 92
125 88 129 89
125 91 129 92
114 93 123 93
114 94 121 94
122 94 129 94
114 96 121 96
125 95 129 96
114 97 117 99
118 97 121 99
117 100 121 101
114 102 117 104
118 102 121 104
122 97 123 100
122 101 123 104
124 97 129 98
124 100 129 101
124 102 126 104
127 102 129 104
114 105 115 108
114 109 115 112
116 105 116 112
117 105 118 109
119 105 121 108
119 109 121 112
123 105 123 112
124 105 125 109
126 107 129 108
126 111 129 112
130 77 132 79
136 77 138 79
142 77 144 79
142 80 147 81
142 82 147 83
148 77 149 80
150 80 151 83
152 79 153 83
154 77 155 81
130 84 133 86
134 84 137 86
138 84 140 86
145 85 149 86
150 85 155 86
156 77 156 86
157 77 157 86
158 79 160 81
158 82 160 84
161 77 165 78
163 79 165 81
163 82 165 84
161 85 165 86
166 77 167 82
168 79 170 82
166 83 168 86
171 77 172 81
171 82 172 86
173 77 173 86
174 77 174 86
175 79 177 81
178 77 180 79
175 84 177 86
178 82 179 86
181 77 185 78
181 79 185 80
188 77 190 80
181 81 183 83
181 85 185 86
186 82 190 83
188 84 190 86
130 87 132 89
133 87 136 89
137 87 139 89
140 87 143 89
144 87 152 87
151 88 159 88
148 89 159 89
160 87 162 89
163 87 165 89
166 88 170 89
171 87 174 89
179 87 190 87
175 88 186 88
182 89 190 89
133 90 135 92
130 94 135 95
136 91 140 92
138 93 140 95
130 96 140 96
130 97 140 97
130 98 140 98
130 99 140 99
130 100 140 100
141 90 141 100
142 90 142 100
143 90 144 93
143 94 144 98
146 90 146 100
147 93 149 95
147 98 149 100
150 90 151 94
150 95 151 100
152 90 153 94
152 95 153 100
154 90 155 94
154 95 155 100
156 93 157 97
158 91 161 93
158 96 161 97
162 91 165 93
166 90 168 93
165 94 168 95
164 96 168 97
156 98 163 98
161 99 168 99
156 100 163 100
169 92 171 95
172 90 174 92
172 93 174 95
169 96 174 97
169 99 174 100
175 90 179 91
177 92 179 94
175 95 177 97
175 98 177 100
178 95 179 100
180 90 182 92
180 94 185 95
188 90 190 92
188 93 190 95
180 96 182 98
183 96 185 98
180 99 185 100
186 98 190 99
130 102 134 103
137 101 139 103
132 104 134 106
135 104 137 106
143 101 145 103
140 104 142 106
146 101 148 103
149 101 152 103
153 101 156 103
157 101 160 103
161 101 164 103
165 101 168 103
169 101 172 103
175 101 177 103
146 104 154 104
155 104 163 104
153 105 163 105
152 106 163 106
164 104 171 104
164 105 172 105
168 106 177 106
130 107 131 112
132 107 133 112
134 107 135 112
140 107 142 109
140 110 142 112
143 109 145 112
146 107 148 109
146 110 148 112
149 107 151 109
149 111 154 112
155 107 166 107
155 108 166 108
167 107 177 107
167 108 177 108
160 109 170 109
155 110 162 110
163 110 171 110
172 110 177 111
155 112 166 112
178 103 180 106
178 107 180 109
181 101 181 112
182 101 182 112
183 101 190 101
183 102 190 102
183 103 186 105
187 103 190 105
187 106 190 107
186 108 190 109
183 110 186 112
187 110 190 112
101 113 103 115
99 117 103 118
104 113 107 115
108 113 111 115
112 113 114 115
115 113 118 115
110 116 119 116
104 117 112 117
108 118 119 118
99 119 102 121
103 119 105 121
106 119 108 121
111 119 113 121
114 120 119 121
120 114 123 116
124 113 131 113
124 114 131 114
124 115 131 115
124 116 131 116
132 113 142 113
132 114 142 114
132 115 137 116
138 115 142 116
120 119 122 121
123 119 125 121
126 117 127 121
128 119 130 121
131 117 132 121
133 117 134 121
135 119 137 121
138 117 142 118
138 119 140 121
143 113 145 115
148 113 150 115
153 114 158 115
161 113 163 115
143 116 147 117
148 116 151 117
143 118 151 118
143 120 151 120
143 121 151 121
152 116 154 118
158 116 160 118
161 116 163 118
152 119 154 121
155 119 157 121
158 120 163 121
164 113 166 115
164 118 166 121
167 115 169 117
167 118 169 121
173 113 176 114
173 115 176 116
170 117 173 118
172 119 176 120
177 113 182 114
177 115 179 117
180 115 182 117
183 113 184 117
185 113 186 117
187 113 190 115
177 118 179 121
180 118 181 121
182 118 183 121
187 118 190 119
184 120 187 121
191 65 194 67
195 65 197 67
191 68 195 69
196 68 199 69
191 70 199 70
191 71 199 71
191 72 194 74
191 75 192 78
193 75 194 78
195 72 199 73
195 74 199 75
195 76 197 78
191 79 199 79
194 80 199 81
194 82 199 83
191 85 194 87
191 88 192 92
193 88 194 92
191 94 194 96
191 97 194 99
195 84 195 92
196 91 196 99
197 90 197 99
198 90 198 99
199 89 199 99
191 101 195 102
193 103 195 105
193 106 195 108
191 109 195 110
196 100 197 104
198 100 199 104
196 105 199 107
196 108 199 110
191 111 194 112
191 113 194 115
191 116 194 118
191 119 194 121
195 111 195 121
196 111 196 121
198 114 199 117
197 118 199 121
48 124 49 128
50 122 51 125
52 124 53 128
54 122 56 124
54 125 56 128
57 122 59 124
57 125 59 128
67 122 76 122
82 122 89 122
66 123 74 123
82 123 89 123
61 124 62 128
63 126 65 128
66 126 68 128
70 124 71 128
72 126 74 128
75 124 76 128
77 124 78 128
79 124 89 124
79 125 89 125
81 126 83 128
84 126 86 128
87 126 89 128
94 122 99 123
90 124 99 124
90 125 99 125
90 126 92 128
95 126 97 128
100 122 102 124
103 122 106 124
107 122 111 123
100 126 103 128
104 125 111 125
104 127 111 127
112 122 122 122
112 123 122 123
112 124 122 124
112 125 122 125
130 122 133 123
123 124 133 124
118 126 125 126
118 127 125 127
112 128 121 128
126 126 129 128
130 126 133 128
48 129 58 129
59 129 66 129
67 129 75 129
54 130 63 130
64 130 72 130
80 129 85 130
86 129 93 129
86 130 93 130
99 129 108 129
94 130 101 130
48 131 56 131
53 133 60 133
48 134 56 134
74 131 82 131
70 132 78 132
61 133 71 133
61 134 71 134
72 133 82 133
72 134 82 134
83 131 90 131
90 132 97 132
83 133 90 133
90 134 97 134
98 131 100 134
101 131 103 134
104 131 108 132
104 133 108 134
111 129 113 131
111 132 113 134
114 129 117 131
114 132 117 134
118 129 120 131
118 132 120 134
126 129 133 129
124 130 133 130
125 131 133 131
123 132 126 134
129 133 133 134
48 135 58 135
48 136 58 136
59 135 68 135
59 136 68 136
48 137 58 137
48 138 58 138
59 137 68 137
59 138 68 138
75 135 85 135
69 136 79 136
92 135 103 135
86 136 94 136
69 137 77 137
69 138 76 138
82 137 92 137
82 138 92 138
93 137 103 137
93 138 103 138
104 135 112 135
119 135 127 135
111 136 120 136
121 136 128 136
109 137 116 137
117 137 124 137
125 137 133 137
104 138 112 138
125 138 133 138
134 122 141 122
138 123 146 123
134 124 137 125
141 124 146 125
147 122 151 123
147 124 151 125
154 122 156 125
134 126 143 126
134 127 142 127
137 128 140 129
141 128 144 129
149 127 156 127
152 128 156 129
141 130 151 130
134 131 144 131
145 131 156 131
136 132 138 134
139 133 144 134
145 133 150 134
154 132 156 134
134 135 138 136
134 137 138 138
139 135 144 136
139 137 144 138
145 135 156 135
145 136 156 136
145 137 156 137
145 138 156 138
157 123 162 124
163 122 165 124
166 122 169 124
159 126 163 127
164 125 166 127
170 122 173 124
170 125 173 127
174 124 176 127
177 122 179 124
177 125 179 127
157 128 165 128
157 129 165 129
157 131 161 132
162 130 165 132
157 133 160 135
157 136 160 138
161 133 162 138
164 133 165 138
166 128 168 130
169 128 172 130
173 128 175 130
176 128 179 130
171 131 179 131
166 132 171 133
172 132 176 133
166 134 175 134
172 135 179 135
173 136 175 138
176 136 179 138
180 122 184 123
182 124 184 126
188 122 192 123
185 124 188 126
189 124 192 126
180 127 182 129
183 127 185 129
186 127 188 129
189 127 192 129
180 130 183 132
184 130 187 132
190 130 192 132
180 133 185 134
189 133 192 134
183 135 192 135
185 137 192 137
184 138 192 138
193 125 194 129
193 130 193 138
194 130 194 138
195 126 195 134
196 123 199 125
196 127 199 129
196 130 197 134
198 130 199 134
196 137 199 138
48 139 51 141
52 140 56 141
48 142 52 143
53 142 56 143
48 144 56 144
48 145 56 145
57 142 59 145
60 141 61 145
48 146 49 150
48 151 49 155
50 146 51 151
52 146 54 148
55 146 58 148
55 149 58 151
54 152 55 155
56 152 58 155
59 146 61 149
59 153 61 155
62 139 63 142
62 145 65 146
62 147 62 155
63 147 63 155
64 147 64 155
65 147 65 155
66 139 66 146
66 147 66 155
67 139 67 146
67 147 67 155
68 139 68 146
68 147 68 155
69 148 69 155
70 141 73 142
74 139 75 142
76 139 78 142
79 139 88 139
92 139 100 139
106 139 117 139
118 139 129 139
79 140 86 140
101 140 112 140
120 140 129 140
79 141 90 141
91 141 100 141
107 141 116 141
122 141 129 141
79 142 90 142
91 142 102 142
106 142 115 142
116 142 126 142
70 144 73 145
77 143 80 145
83 143 85 145
86 144 90 145
91 143 93 145
96 143 98 145
99 143 101 145
102 143 107 144
108 143 112 144
102 145 112 145
113 143 116 145
119 143 121 145
122 143 125 145
126 143 129 145
134 139 138 140
139 140 146 140
147 139 157 139
158 139 169 139
159 140 169 140
130 141 134 142
139 141 144 142
149 141 158 141
149 142 158 142
159 142 169 142
130 144 135 145
138 143 140 145
143 143 145 145
146 143 149 145
150 143 153 145
154 143 157 145
158 143 169 143
158 144 169 144
158 145 169 145
170 139 173 141
170 143 173 145
174 141 175 145
176 139 177 143
178 139 182 140
178 141 185 141
186 139 193 139
186 142 193 142
178 143 180 145
183 143 186 145
187 143 190 145
191 143 193 145
194 139 196 141
194 142 196 145
198 141 199 145
74 146 83 146
84 146 95 146
70 147 77 147
78 147 85 147
86 147 93 147
100 146 107 146
100 147 107 147
110 146 114 147
115 146 120 147
123 146 128 147
129 146 137 146
137 147 145 147
146 146 154 146
155 146 163 146
146 147 154 147
155 147 163 147
164 146 172 146
164 147 172 147
173 146 180 146
173 147 180 147
188 146 199 146
181 147 189 147
190 147 199 147
77 148 86 148
70 149 74 150
77 149 86 149
77 150 86 150
87 148 91 149
94 148 96 150
76 151 83 151
70 152 78 152
77 153 79 155
80 153 83 155
84 153 86 155
87 151 89 153
90 151 93 153
94 151 96 153
92 154 96 155
99 148 103 149
97 152 99 155
100 153 103 155
105 151 106 155
107 148 108 152
110 148 114 149
110 150 114 151
110 152 114 153
110 154 114 155
115 148 115 155
116 148 116 155
117 148 118 151
117 152 120 153
121 150 123 152
124 148 127 149
124 150 127 152
123 153 127 154
128 148 131 150
132 148 134 150
128 151 132 152
130 153 132 155
134 151 137 153
133 154 137 155
143 148 153 148
154 148 164 148
165 148 176 148
177 148 187 148
188 148 199 148
141 149 145 150
146 149 155 149
146 150 155 150
138 151 146 151
147 151 155 151
156 149 158 151
159 149 162 151
163 150 167 151
174 149 183 149
190 149 199 149
175 150 183 150
184 150 192 150
168 151 175 151
176 151 183 151
184 151 191 151
192 151 199 151
138 152 149 152
138 153 149 153
150 152 157 152
158 152 166 152
150 153 159 153
172 152 180 152
167 153 176 153
181 152 189 152
190 152 199 152
181 153 189 153
190 153 199 153
142 154 152 154
159 154 170 154
178 154 186 154
192 154 199 154
152 155 163 155
164 155 174 155
175 155 185 155
48 156 50 158
53 156 56 158
57 156 60 158
61 156 63 158
67 157 72 158
73 156 82 156
73 157 82 157
73 158 82 158
83 156 86 158
87 156 90 158
91 156 93 158
94 156 96 158
97 156 99 158
100 156 103 158
104 156 106 158
48 161 50 163
48 164 50 167
48 168 50 171
48 172 50 175
51 159 51 166
52 159 52 166
51 167 52 170
51 171 52 175
53 159 53 169
54 159 54 168
55 161 56 165
55 166 56 170
55 171 56 175
57 161 60 162
57 164 60 166
57 167 57 175
58 167 58 175
59 171 60 175
61 159 63 161
61 162 63 165
62 166 63 171
61 172 63 175
64 159 66 161
67 159 69 161
67 162 69 164
64 166 69 167
67 168 69 170
64 172 69 173
64 174 69 175
70 161 72 163
73 159 75 161
76 161 78 163
79 159 81 161
73 164 76 165
77 165 81 166
73 167 76 168
72 169 76 170
77 167 81 168
77 169 81 170
70 171 81 171
70 172 81 172
70 173 81 173
70 174 81 174
70 175 81 175
82 159 93 159
94 159 101 159
100 160 108 160
87 161 96 161
97 161 108 161
87 162 94 162
98 162 108 162
82 163 86 164
82 165 86 166
84 167 86 169
89 163 91 165
87 166 91 167
87 168 91 169
94 163 96 165
92 166 96 167
92 168 96 169
97 163 101 164
97 166 101 167
97 168 101 169
102 165 103 169
104 165 105 169
107 166 108 169
82 170 89 170
100 170 108 170
82 171 93 171
94 171 102 171
86 172 90 173
82 174 90 174
82 175 90 175
91 172 94 173
95 172 96 175
103 172 108 173
99 174 108 174
99 175 108 175
109 156 112 158
113 156 116 158
109 159 110 164
111 161 113 164
114 161 116 164
120 156 123 157
120 158 123 159
117 160 120 162
121 160 123 162
117 163 121 164
109 165 112 167
113 165 116 167
117 165 119 167
120 165 123 167
109 168 111 171
114 168 123 168
114 169 123 169
114 170 123 170
114 171 123 171
111 172 115 173
116 172 123 172
116 173 123 173
109 174 117 174
115 175 123 175
51 176 55 177
56 176 66 176
56 177 66 177
67 176 76 176
77 176 86 176
67 177 76 177
77 177 86 177
87 176 98 176
87 177 98 177
99 176 110 176
116 176 123 176
99 177 110 177
129 156 136 156
127 157 136 157
128 158 136 158
137 157 142 158
145 156 148 158
149 156 151 158
152 156 160 156
157 157 164 157
152 158 160 158
168 156 170 158
171 156 174 158
175 156 178 158
184 156 187 158
188 156 191 158
192 156 195 158
196 156 199 158
124 159 127 161
128 159 131 161
132 159 135 161
136 159 139 161
140 159 143 161
144 159 147 161
148 159 156 159
148 160 156 160
154 161 161 161
162 159 164 161
165 159 167 161
168 159 173 160
180 159 187 159
188 159 199 159
177 160 186 160
190 160 193 161
194 160 199 161
126 162 128 164
131 162 133 164
136 162 138 164
141 162 143 164
144 162 147 164
150 162 152 164
153 162 156 164
157 162 159 164
162 163 166 164
167 162 169 164
174 162 176 164
177 163 181 164
182 162 184 164
188 162 199 162
188 163 199 163
188 164 199 164
124 165 132 165
133 165 143 165
144 165 153 165
154 165 163 165
171 165 180 165
181 165 190 165
127 166 137 166
138 166 146 166
147 166 155 166
156 166 165 166
166 166 175 166
176 166 186 166
130 167 137 167
145 167 153 167
154 167 165 167
166 167 177 167
178 167 189 167
124 168 134 168
135 168 146 168
154 168 161 168
162 168 170 168
130 169 139 169
150 169 158 169
159 169 170 169
178 168 188 168
178 169 188 169
189 168 193 169
194 168 199 169
124 170 129 171
124 172 129 173
134 170 139 171
130 172 139 172
130 173 139 173
124 174 128 175
128 176 132 177
133 174 135 177
136 174 139 175
140 170 142 172
140 175 142 177
144 173 145 177
146 170 148 173
146 174 148 177
149 170 151 173
149 174 151 177
152 170 157 171
152 172 157 173
152 174 157 175
152 176 157 177
165 170 175 170
158 171 168 171
176 170 181 171
158 172 166 172
158 173 166 173
169 172 173 173
165 174 173 174
165 175 173 175
174 173 181 173
178 174 181 175
158 176 169 176
158 177 169 177
170 176 181 176
170 177 181 177
182 170 184 173
182 174 184 177
186 170 186 177
187 172 188 177
189 171 192 173
189 176 192 177
193 170 195 173
193 174 195 177
196 170 197 173
198 170 198 177
52 178 60 178
48 179 56 179
57 179 65 179
48 180 51 181
56 180 65 180
56 181 65 181
48 182 56 182
57 182 65 182
70 178 74 179
68 180 70 182
71 180 74 182
48 183 50 185
51 183 53 185
48 186 53 187
48 188 53 189
54 183 56 186
54 187 56 189
57 183 61 184
57 185 61 186
57 188 61 189
62 183 64 185
65 183 67 185
62 186 67 187
62 188 67 189
68 183 70 185
71 183 74 185
70 186 74 187
71 188 74 189
75 178 78 180
79 178 82 180
83 178 86 180
87 178 90 180
91 178 102 178
91 179 102 179
91 180 102 180
81 181 88 181
94 181 102 181
89 182 97 182
75 183 84 183
90 183 99 183
77 184 81 185
87 184 92 185
83 186 92 186
93 184 95 186
98 184 100 186
78 187 80 189
81 187 83 189
84 187 86 189
90 187 93 188
87 189 96 189
97 187 99 189
100 187 102 189
103 178 105 180
109 179 114 180
121 178 129 178
134 178 142 178
115 179 126 179
127 179 136 179
115 180 124 180
135 180 142 180
149 178 156 178
163 178 170 178
148 179 152 180
159 179 170 179
153 180 164 180
103 181 114 181
120 181 127 181
128 181 138 181
139 181 150 181
162 181 170 181
103 182 107 183
103 184 107 185
108 182 111 183
108 184 111 185
115 182 119 183
112 184 119 184
112 185 119 185
120 183 123 185
124 182 129 183
137 182 146 182
139 183 146 183
124 184 128 185
129 184 134 185
135 184 146 184
135 185 146 185
152 182 160 182
153 183 160 183
147 184 154 184
153 185 160 185
161 182 170 182
161 183 170 183
161 184 170 184
161 185 170 185
103 186 110 186
111 186 118 186
124 186 132 186
133 186 142 186
143 186 152 186
159 186 170 186
112 187 120 187
121 187 129 187
130 187 138 187
139 187 147 187
148 187 156 187
163 187 170 187
103 188 106 189
110 188 115 189
116 188 121 189
124 188 128 189
133 188 137 189
138 188 146 188
147 188 156 188
147 189 156 189
161 188 170 188
157 189 164 189
171 178 172 183
173 178 175 181
176 178 178 180
176 181 178 183
179 178 181 180
179 181 181 183
183 178 184 183
185 178 187 180
188 178 191 180
188 182 191 183
171 184 180 184
181 184 191 184
171 186 176 187
171 188 176 189
179 186 180 189
181 186 185 187
181 188 185 189
186 186 191 187
186 188 191 189
192 178 195 180
196 178 199 180
192 181 195 183
196 181 199 183
192 184 195 186
196 184 199 186
192 187 195 189
196 187 199 189
70 190 79 190
87 190 95 190
96 190 107 190
48 191 56 191
57 191 66 191
67 191 77 191
87 191 97 191
98 191 107 191
48 192 50 194
51 192 54 194
55 192 57 194
58 192 61 194
66 192 75 192
62 193 70 193
71 193 80 193
70 194 80 194
81 192 83 194
84 192 86 194
87 192 91 193
92 192 101 192
92 193 99 193
100 193 107 193
92 194 100 194
108 191 113 192
108 193 113 194
114 192 117 194
118 192 121 194
48 195 53 196
48 197 53 198
54 195 58 196
54 197 58 198
48 199 53 200
48 201 53 202
54 199 58 200
54 201 58 202
59 195 66 195
59 197 63 198
69 196 72 198
73 196 75 198
76 196 79 198
82 196 86 197
66 199 73 199
59 200 70 200
76 200 86 200
59 201 64 202
68 201 71 202
75 201 79 202
80 201 83 202
87 197 88 202
89 195 90 198
91 195 93 198
91 199 93 202
94 196 97 198
98 195 100 198
94 199 96 202
97 199 100 200
97 201 100 202
101 195 110 195
101 196 110 196
101 197 105 198
106 197 110 198
101 199 110 199
101 200 110 200
101 201 110 201
101 202 110 202
111 195 112 198
115 195 118 196
115 197 118 198
111 199 118 199
111 201 118 201
119 195 121 198
119 199 121 202
122 194 123 198
124 190 128 191
124 192 128 193
124 195 128 196
124 197 128 198
131 190 136 191
129 193 136 193
129 194 130 198
131 194 132 198
133 196 136 198
122 199 126 200
122 201 126 202
127 199 130 200
127 201 130 202
131 199 136 200
131 201 136 202
137 190 138 194
139 190 140 194
141 190 148 190
141 191 150 191
141 192 148 192
147 193 154 193
146 194 154 194
155 190 157 192
160 190 162 192
163 190 165 192
168 190 170 192
171 191 176 192
155 193 158 194
159 193 163 194
166 193 170 194
171 193 176 194
137 195 146 195
147 195 156 195
137 196 147 196
148 196 159 196
160 196 170 196
157 197 166 197
167 197 176 197
137 198 148 198
137 199 148 199
152 198 155 199
156 198 159 199
137 200 139 202
140 200 143 202
144 201 147 202
151 200 162 200
151 201 162 201
151 202 162 202
163 198 164 202
165 198 166 202
167 200 169 202
170 200 172 202
173 198 176 199
173 200 176 202
177 190 178 194
180 190 180 197
181 190 183 192
184 192 186 194
181 195 183 197
184 195 186 197
187 190 188 194
189 190 190 194
192 190 193 194
187 195 189 197
190 195 193 197
194 190 197 191
194 192 197 193
194 194 197 195
194 196 197 197
199 190 199 197
178 198 179 202
180 198 183 199
180 200 183 202
184 198 188 199
186 200 188 202
189 198 193 199
189 200 191 202
194 200 196 202
197 198 199 200
2 203 7 204
0 205 7 205
0 206 7 206
0 207 3 208
0 209 3 211
4 207 5 211
6 207 7 211
8 205 10 207
11 203 13 205
8 208 13 209
8 210 13 211
0 212 2 214
3 212 6 214
0 215 2 217
3 215 6 217
2 218 6 219
3 220 6 221
7 212 9 214
7 217 9 219
10 212 11 217
10 218 11 221
13 212 13 221
15 203 16 207
17 205 19 207
14 208 16 210
14 211 16 214
18 210 19 214
22 203 24 205
22 206 24 208
22 209 24 211
22 212 24 214
14 215 24 215
14 216 24 216
14 217 24 217
14 218 18 219
14 220 18 221
19 218 21 221
22 218 24 221
0 222 1 226
2 224 4 226
0 227 4 228
0 229 2 231
5 223 8 225
5 226 8 228
5 229 8 231
0 232 2 235
0 236 2 238
3 234 4 238
5 232 6 235
7 232 8 236
9 222 10 225
9 228 12 230
9 231 10 234
11 231 12 234
9 237 12 238
13 224 16 225
15 226 16 229
13 230 14 233
13 234 16 235
13 236 16 238
17 222 20 224
17 225 20 227
17 228 18 233
17 234 18 238
19 228 19 238
20 228 20 238
21 222 22 225
21 226 22 229
21 230 21 238
22 230 22 238
23 225 24 228
23 229 24 233
23 234 24 238
0 239 3 241
4 240 8 241
9 239 11 241
12 239 14 241
6 242 14 242
0 243 7 243
0 244 3 246
4 244 7 246
0 247 3 249
4 247 7 249
10 244 14 245
8 246 12 247
11 248 14 249
15 239 16 243
17 239 18 243
15 244 18 246
15 247 18 249
19 240 24 241
19 242 21 244
22 242 24 244
19 245 21 247
22 245 24 247
19 248 24 249
26 203 27 208
30 203 32 205
28 206 32 207
33 203 35 205
36 206 38 208
27 210 31 211
25 212 27 215
28 213 31 215
32 211 33 215
34 212 35 215
36 209 38 211
36 212 38 215
25 216 28 217
28 218 31 219
32 216 34 219
35 216 36 219
37 216 38 219
25 220 27 223
25 224 27 227
28 220 30 223
28 224 30 227
31 221 38 221
34 223 38 224
31 225 33 227
34 226 38 227
25 228 28 230
25 231 28 233
29 228 31 230
29 231 31 233
34 229 38 230
32 231 34 233
35 231 38 233
27 237 31 238
25 240 26 244
27 240 28 244
25 245 26 249
27 245 28 249
29 240 29 249
30 240 30 249
31 240 31 249
32 234 32 241
33 234 33 241
34 234 34 241
32 242 34 245
32 246 34 249
35 234 38 235
35 236 38 237
35 238 38 239
35 240 38 241
35 242 38 243
35 246 38 247
39 216 39 224
40 203 40 210
40 222 40 229
39 230 40 233
39 234 40 238
39 239 39 249
40 239 40 249
42 203 43 207
44 203 45 207
46 203 47 207
41 208 43 210
44 208 47 210
41 211 44 213
45 211 47 213
41 214 42 219
41 224 41 232
42 224 42 232
41 233 41 242
42 233 42 242
41 246 42 249
43 223 43 233
43 241 43 249
44 214 44 224
44 225 44 235
44 241 44 249
45 214 45 224
45 225 45 233
46 219 46 228
47 221 47 228
46 229 46 238
46 239 47 243
46 244 47 249
48 203 48 213
48 214 48 225
48 226 48 237
48 238 48 249
49 203 50 208
49 209 50 214
49 215 49 226
50 215 50 226
49 227 49 236
50 227 50 236
49 244 50 249
56 203 63 203
56 204 63 204
56 205 63 205
56 206 63 206
53 207 55 209
56 207 59 209
60 207 63 209
53 210 56 212
57 210 59 212
60 210 63 212
65 203 66 207
67 203 68 207
69 203 70 207
67 208 70 209
64 210 66 212
67 210 70 212
71 205 73 207
72 208 73 212
74 203 75 206
74 207 77 209
74 210 77 212
78 203 80 205
81 203 84 205
85 203 87 205
88 203 91 205
80 206 84 207
88 206 91 207
78 208 82 209
80 210 82 212
83 209 91 209
83 210 86 212
89 210 91 212
53 213 55 215
58 213 60 215
63 213 65 215
69 213 71 215
75 213 78 214
79 213 84 214
85 213 88 214
78 215 86 215
62 216 73 216
51 217 61 217
62 217 73 217
74 216 82 216
74 217 82 217
83 216 86 217
87 216 91 217
51 218 62 218
51 219 62 219
69 218 76 218
77 218 84 218
63 219 71 219
77 219 84 219
51 220 55 221
53 222 55 224
56 220 61 221
56 222 58 224
59 222 61 224
51 226 54 228
58 227 61 228
62 220 63 223
62 224 63 228
64 220 65 224
64 225 65 228
66 224 67 228
70 220 72 222
68 224 72 225
68 226 70 228
51 229 61 229
51 230 61 230
62 229 72 229
62 230 72 230
51 231 53 233
54 231 56 233
57 231 60 233
61 231 72 231
61 232 72 232
61 233 72 233
75 220 77 222
78 220 80 222
73 223 76 225
77 223 79 225
83 220 91 220
83 221 91 221
83 222 88 223
83 224 91 224
83 225 91 225
73 226 81 226
73 227 81 227
73 228 77 229
78 228 81 229
82 226 91 226
82 227 91 227
82 228 91 228
82 229 91 229
73 231 80 231
73 232 77 233
81 231 84 233
87 230 91 231
88 232 91 233
93 203 93 210
94 207 95 210
96 204 99 206
98 207 99 210
92 212 96 213
94 214 96 216
97 211 99 213
97 214 99 216
100 212 101 216
102 206 103 209
102 210 103 213
104 203 107 205
104 207 107 209
104 212 105 216
106 210 107 214
108 205 109 209
110 203 112 206
110 207 112 209
113 203 115 206
116 203 118 206
113 207 115 209
116 207 118 209
108 210 118 210
108 211 118 211
108 212 109 216
110 212 111 216
112 214 115 216
117 212 118 216
119 203 124 204
119 205 124 206
119 207 124 208
119 209 124 210
125 203 129 204
125 207 129 208
125 209 129 210
119 211 124 212
119 215 124 216
127 211 129 213
125 214 127 216
130 203 132 205
130 206 134 207
130 208 131 212
132 210 134 212
130 213 134 214
130 215 134 216
135 203 138 205
135 206 138 208
139 205 141 208
135 211 138 212
135 215 138 216
139 209 141 212
139 213 141 216
142 205 144 207
145 203 146 207
149 203 150 207
151 203 153 205
144 208 147 210
148 209 153 210
142 212 146 213
151 211 153 213
142 214 144 216
145 214 148 216
149 214 151 216
154 206 156 208
157 203 159 206
154 209 159 210
154 211 159 212
160 203 162 205
160 206 162 208
160 209 162 212
163 205 165 207
163 208 165 210
166 204 173 204
166 205 169 207
170 205 173 207
166 208 170 209
166 210 168 212
172 208 173 212
174 203 174 212
175 203 175 212
176 203 178 205
176 208 178 210
157 213 160 214
163 213 167 214
168 213 178 213
168 214 178 214
154 215 165 215
154 216 165 216
166 215 171 216
175 215 178 216
179 203 189 203
179 204 189 204
179 205 189 205
179 206 189 206
180 207 181 211
179 214 181 216
182 209 183 213
184 207 185 211
184 212 185 216
186 207 187 211
188 207 189 211
186 212 189 213
186 214 189 216
190 203 199 203
190 204 199 204
190 205 199 205
190 206 199 206
192 207 194 209
197 207 199 209
192 210 194 213
195 210 199 211
195 212 199 213
190 214 193 216
194 215 199 216
92 217 95 219
98 217 100 219
103 217 106 219
107 217 110 219
113 217 115 219
116 217 119 219
120 217 122 219
123 217 125 219
126 217 129 219
130 217 133 219
134 217 137 219
138 217 140 219
141 217 144 219
145 217 148 219
149 217 152 219
92 220 94 222
98 220 103 221
106 220 110 221
111 221 115 222
92 223 103 223
104 223 115 223
94 225 98 226
92 227 95 229
96 227 98 229
99 225 100 229
101 225 102 229
103 227 105 229
106 225 115 225
106 226 115 226
106 228 111 229
112 227 115 229
92 230 103 230
104 230 115 230
92 231 103 231
104 231 115 231
92 232 103 232
92 233 103 233
104 233 115 233
116 221 123 221
116 222 123 222
116 223 123 223
124 220 125 223
126 220 127 223
128 220 132 221
128 222 132 223
116 224 124 224
125 224 132 224
125 225 132 225
123 226 132 226
118 227 119 230
120 229 123 230
126 227 128 230
129 227 132 228
116 231 119 233
120 231 123 233
124 231 127 233
130 231 132 233
133 223 134 227
135 220 135 227
136 220 136 227
137 220 137 227
138 222 141 223
138 224 141 225
142 220 145 222
146 220 148 222
142 223 145 225
146 223 147 227
149 220 152 221
149 226 152 227
133 228 140 228
133 230 136 231
136 232 140 233
141 229 146 230
150 228 152 230
141 232 146 233
150 231 152 233
158 217 161 218
153 219 161 219
153 220 161 220
153 221 154 224
155 221 157 224
158 221 160 224
162 217 164 220
162 221 164 224
167 217 168 220
165 221 168 222
169 217 172 218
169 219 176 219
169 222 176 222
169 223 176 223
153 225 156 227
160 225 162 227
168 225 176 225
163 226 168 227
169 226 176 226
177 217 179 219
180 217 183 219
180 220 183 221
177 222 179 224
180 222 183 224
180 225 183 227
155 228 157 230
153 232 157 233
161 228 164 229
158 230 162 231
160 232 164 233
165 228 168 230
165 231 168 233
169 228 170 233
171 228 173 230
174 228 175 233
177 228 178 233
179 228 181 230
179 232 183 233
184 217 185 221
186 217 187 221
189 217 190 221
186 223 190 224
191 217 193 220
191 221 193 224
184 225 186 228
185 229 186 233
187 226 190 228
191 225 193 228
187 229 189 231
190 229 191 233
192 229 193 233
194 223 194 233
195 217 195 224
195 225 195 233
198 217 199 220
196 223 199 224
196 225 199 226
196 227 199 228
196 229 199 231
196 232 199 233
51 234 61 234
51 235 61 235
62 234 65 235
70 234 74 235
78 234 86 234
78 235 86 235
87 234 96 234
92 235 103 235
104 234 108 235
109 234 114 235
115 234 126 234
115 235 126 235
73 236 81 236
82 236 90 236
98 236 105 236
106 236 115 236
116 236 126 236
55 237 64 237
72 237 82 237
83 237 93 237
51 238 62 238
63 238 74 238
75 238 82 238
83 238 93 238
94 237 98 238
99 237 103 238
107 237 110 238
113 237 117 238
118 237 121 238
122 237 126 238
51 243 52 246
53 239 53 246
54 239 54 246
55 239 55 246
56 239 56 246
57 241 58 246
59 239 62 240
59 241 62 242
62 243 65 244
66 239 69 241
70 239 71 243
72 241 74 243
80 239 87 239
77 240 78 243
79 240 81 243
82 240 84 243
85 240 90 241
85 242 90 243
93 240 97 241
94 242 97 243
66 244 68 246
69 244 72 246
73 244 75 246
76 244 79 246
82 244 84 246
85 244 88 246
89 244 92 246
95 244 97 246
98 239 109 239
98 240 109 240
110 239 118 239
110 240 118 240
98 241 107 241
98 242 107 242
108 241 118 241
108 242 118 242
121 239 126 240
119 242 126 242
98 243 100 246
101 243 102 246
103 243 104 246
107 243 108 246
109 243 111 246
115 243 119 244
112 245 119 245
112 246 119 246
120 243 122 246
123 245 126 246
53 247 55 249
56 247 58 249
61 248 66 249
67 247 69 249
70 247 72 249
73 248 77 249
78 247 81 249
84 247 86 249
89 247 91 249
92 248 96 249
97 247 108 247
97 248 102 249
103 248 108 249
109 247 117 247
118 247 126 247
116 248 126 248
109 249 119 249
129 234 131 236
132 234 134 236
135 234 138 236
139 234 148 234
149 234 158 234
139 235 150 235
151 235 158 235
139 236 148 236
127 237 129 239
135 237 137 239
147 237 158 237
142 238 147 239
152 238 155 239
127 240 127 249
128 240 128 249
129 240 131 242
129 243 131 245
129 246 131 249
132 240 134 243
132 244 134 246
132 247 134 249
135 240 138 242
139 240 142 242
138 243 142 244
137 247 139 249
140 247 142 249
143 242 145 244
146 240 147 244
149 240 158 240
149 241 158 241
149 242 153 243
154 242 156 244
143 245 146 247
147 246 151 247
147 248 151 249
153 245 154 249
155 245 156 249
157 245 158 249
159 234 161 236
159 237 161 239
159 242 161 245
159 246 161 249
162 234 164 237
162 238 164 241
162 242 164 245
162 246 164 249
165 234 168 236
169 235 174 236
167 237 169 239
170 238 174 239
165 240 168 242
165 245 168 246
172 240 174 242
169 243 171 246
172 243 174 246
165 247 168 249
172 247 174 249
175 237 176 240
177 236 178 240
179 234 184 235
179 236 184 237
179 238 181 240
182 238 184 240
175 241 179 242
180 241 184 242
175 243 179 244
180 243 184 244
179 245 184 246
175 247 177 249
182 247 184 249
185 234 187 236
185 237 187 239
186 240 187 244
186 245 187 249
188 234 190 237
189 238 190 242
189 246 190 249
191 234 195 235
191 236 195 237
196 236 199 238
191 239 194 241
197 239 199 241
191 242 192 246
193 242 194 245
193 246 194 249
195 242 199 243
195 244 199 245
195 246 199 247
195 248 199 249
