206
0 0 5 1
6 0 12 0
6 1 12 1
0 2 6 2
0 3 6 3
7 2 12 3
0 4 6 4
7 4 12 4
5 5 12 5
0 6 5 6
6 6 12 6
0 7 7 7
0 8 7 8
0 9 7 9
0 10 7 10
8 7 12 8
8 9 12 10
0 11 2 13
3 11 6 13
7 11 9 13
10 11 12 13
13 2 16 3
17 0 21 1
17 2 21 3
13 4 15 7
13 8 15 9
16 4 18 6
16 7 18 9
13 10 18 11
13 12 18 13
19 4 21 6
19 7 21 9
19 10 21 13
0 14 1 16
2 14 4 16
5 15 10 16
11 14 13 16
14 14 15 16
16 14 18 16
19 14 21 16
22 0 28 0
22 1 28 1
22 2 28 2
23 3 24 7
25 3 26 7
27 3 28 7
22 8 24 11
25 8 28 9
25 10 28 11
29 0 29 8
30 0 30 8
31 0 31 8
32 0 32 8
33 0 35 3
36 0 39 1
36 2 39 3
33 4 36 5
33 6 36 8
38 4 39 8
29 9 39 9
29 10 39 10
29 11 39 11
22 12 31 12
22 13 31 13
22 14 24 16
25 14 27 16
28 14 31 16
32 12 39 12
32 13 39 13
32 14 35 16
36 14 39 16
0 24 0 32
1 17 1 24
1 25 1 32
2 17 4 19
5 17 7 19
2 20 4 22
5 20 7 22
2 23 7 24
2 25 4 27
5 25 7 27
2 28 4 30
5 28 7 30
2 31 7 32
0 33 7 33
0 34 7 34
0 35 2 38
3 35 4 38
5 35 7 38
8 17 10 19
11 17 12 19
13 17 16 19
8 20 11 22
12 20 14 22
15 20 16 22
8 23 11 25
8 26 11 28
12 24 16 25
12 26 13 28
14 26 16 28
8 29 10 32
8 33 10 35
8 36 10 38
11 29 13 30
11 31 13 33
11 34 12 38
14 29 16 30
14 31 16 33
14 34 16 35
14 36 16 38
17 17 22 18
23 17 29 17
23 18 29 18
17 19 24 19
17 20 22 20
23 20 29 20
21 21 29 21
17 22 19 24
20 22 23 24
24 22 26 24
27 22 29 24
30 17 34 18
30 19 34 20
35 17 39 18
35 19 39 20
30 21 33 22
30 23 33 24
34 21 39 22
34 23 39 24
17 25 20 27
21 25 24 27
25 25 28 27
29 25 31 27
32 25 33 27
17 28 23 28
24 28 33 28
17 29 27 29
17 30 24 30
25 30 33 30
17 31 24 31
25 31 33 31
17 32 23 32
24 32 33 32
17 33 24 33
25 33 33 33
34 25 36 27
37 25 39 27
34 28 39 29
34 30 39 31
34 32 39 33
17 34 19 36
17 37 19 38
20 34 21 38
22 34 23 38
24 34 25 38
26 34 27 38
28 34 39 34
28 35 39 35
28 36 39 36
28 37 39 37
28 38 39 38
0 39 5 40
0 41 2 43
3 41 5 43
0 44 2 46
0 47 2 49
3 44 5 46
3 47 5 49
6 40 10 41
6 42 10 43
6 44 10 45
6 46 10 47
6 48 10 49
11 39 15 40
11 41 12 43
13 41 15 43
11 44 13 46
14 44 15 46
11 48 15 49
16 39 18 41
19 39 21 41
22 39 24 41
25 39 28 41
16 42 21 43
22 42 28 42
22 43 28 43
19 44 22 45
23 44 28 45
16 46 19 47
16 48 19 49
20 46 22 49
23 46 28 47
23 48 28 49
29 39 29 46
30 39 30 46
31 39 31 46
32 39 32 46
33 39 35 42
33 43 35 46
29 47 35 47
29 48 35 48
29 49 35 49
36 39 39 41
36 42 39 44
36 45 39 47
36 48 39 49
