156
0 0 8 0
0 1 8 1
9 0 15 0
9 1 15 1
16 0 25 0
16 1 25 1
26 0 32 0
33 0 39 0
26 1 32 1
33 1 39 1
0 2 9 2
10 2 19 2
20 2 29 2
30 2 39 2
0 3 8 3
9 3 17 3
0 4 8 4
9 4 17 4
18 3 26 3
18 4 26 4
27 3 39 3
27 4 39 4
0 5 7 5
8 5 16 5
0 6 7 6
8 6 16 6
17 5 27 5
28 5 39 5
17 6 27 6
28 6 39 6
0 7 4 8
0 9 2 11
3 9 4 11
0 12 2 14
3 12 4 14
0 15 1 17
2 15 4 17
5 7 7 9
8 7 11 9
5 10 8 12
9 10 11 12
5 13 6 17
7 13 8 17
9 13 11 14
9 15 11 17
12 7 16 8
12 9 16 10
12 11 14 13
12 14 14 17
15 11 15 17
16 11 16 17
17 7 19 8
17 9 19 11
17 12 19 14
17 15 19 17
20 7 22 8
20 9 22 11
23 7 25 9
23 10 25 11
26 7 33 7
26 8 33 8
26 9 29 11
30 9 33 11
34 7 36 8
34 9 36 11
37 7 39 9
37 10 39 11
20 12 22 14
23 12 25 14
20 15 22 17
23 15 25 17
26 12 29 14
26 15 29 17
30 12 32 14
33 12 34 14
35 12 36 14
37 12 39 14
30 15 31 17
32 15 34 17
35 15 36 17
37 15 39 17
0 18 4 19
5 18 6 19
0 20 2 22
3 20 6 22
0 23 6 23
0 24 6 24
0 25 2 27
3 25 6 27
7 18 8 22
9 18 10 22
7 23 8 27
9 23 10 27
0 28 1 30
0 31 1 34
2 28 2 34
3 28 3 34
4 28 4 34
5 28 5 34
6 28 6 34
7 28 7 34
8 28 10 30
8 31 10 34
11 18 13 21
14 18 17 19
14 20 17 21
11 22 13 24
14 22 17 24
11 25 17 25
11 26 17 26
11 27 13 29
14 27 17 29
11 30 12 34
13 30 14 34
15 30 17 32
15 33 17 34
18 18 20 21
18 22 20 23
18 24 20 26
21 18 23 21
21 22 23 23
21 24 23 26
18 27 23 28
18 29 23 30
18 31 23 32
18 33 23 34
24 18 24 25
25 18 25 25
26 18 27 21
26 22 27 25
24 26 25 30
26 26 27 30
24 31 27 32
24 33 27 34
28 18 28 25
28 26 28 34
29 18 29 25
29 26 29 34
30 18 30 25
30 26 30 34
31 18 33 19
31 20 33 22
31 23 33 26
31 27 33 30
31 31 33 34
34 18 36 21
34 22 36 25
34 26 36 27
34 28 36 30
34 31 36 34
37 18 39 20
37 21 39 24
37 25 39 26
37 27 39 29
37 30 39 31
37 32 39 34
