999
0 5 0 10
1 5 1 10
0 14 1 17
0 19 1 22
2 7 2 13
2 17 2 22
3 6 3 11
3 17 3 22
4 0 10 0
4 1 10 1
4 2 10 2
4 3 10 3
4 4 4 11
5 4 5 11
6 6 7 8
8 5 9 8
6 9 7 11
9 9 10 11
4 12 6 13
4 15 6 16
7 12 10 13
7 15 10 16
4 17 5 19
6 17 7 19
4 21 7 22
8 17 10 18
9 20 10 22
0 25 1 27
0 28 1 30
0 33 1 35
0 40 1 42
0 43 0 50
0 55 0 60
1 43 1 50
1 51 1 56
4 26 6 27
3 28 6 29
4 31 6 32
4 34 6 35
4 36 6 37
4 38 6 39
3 40 6 41
8 23 8 30
9 23 9 30
10 23 10 30
7 32 8 35
7 36 8 39
7 40 8 43
9 36 10 39
9 40 10 43
2 44 3 47
2 48 3 51
4 44 4 51
5 44 5 51
6 44 8 45
6 46 8 47
9 44 10 47
7 48 8 51
9 48 10 51
2 52 5 53
6 52 8 53
2 54 5 55
7 54 10 55
2 56 5 57
2 58 3 60
4 58 6 59
7 59 10 60
0 61 3 62
4 61 7 62
0 63 7 63
0 64 7 64
2 65 4 66
8 62 10 63
8 65 10 66
14 0 20 0
15 1 20 1
11 2 13 3
14 2 15 4
21 2 22 4
11 5 18 5
11 6 18 6
11 7 18 7
11 8 18 8
11 9 18 9
20 5 21 7
19 8 21 9
22 5 23 8
11 12 13 13
16 10 18 11
14 12 16 13
19 11 24 11
19 12 22 13
11 14 11 19
12 14 12 19
11 20 11 25
11 26 11 33
12 20 12 27
12 28 12 33
15 14 17 15
15 16 17 17
13 20 14 23
15 19 17 20
15 21 17 22
15 24 17 25
14 29 17 30
18 14 20 15
18 16 20 17
21 16 22 18
23 16 24 18
19 19 20 22
21 19 22 22
23 19 24 22
19 23 20 25
19 26 20 28
21 23 21 28
22 27 22 33
23 28 23 33
24 27 24 33
11 34 11 40
12 34 12 40
13 34 13 40
11 41 13 42
11 46 12 49
14 43 14 49
15 34 15 41
15 42 15 49
16 34 16 40
17 34 17 40
16 41 17 44
18 34 20 35
21 34 22 37
23 34 24 37
18 38 19 40
21 39 24 40
21 41 24 42
21 44 24 45
18 46 21 47
18 48 21 49
23 46 24 49
11 50 12 52
11 53 12 55
13 52 14 55
16 50 17 52
18 51 21 52
23 50 24 52
18 53 24 53
15 54 20 54
19 55 24 55
11 56 13 57
11 59 13 60
11 61 13 62
11 65 13 66
14 62 16 63
14 65 16 66
17 56 18 58
17 59 18 61
17 64 18 66
19 57 20 60
19 61 20 63
21 60 21 66
22 61 22 66
23 59 23 66
24 61 24 66
0 68 2 69
0 71 2 72
1 73 2 76
1 77 2 79
3 67 5 68
6 67 9 68
10 67 15 67
3 69 9 69
3 70 9 70
4 71 5 73
6 72 9 73
12 69 15 70
11 71 12 73
13 72 15 73
3 75 6 76
7 75 10 76
4 78 7 79
11 77 13 78
14 77 15 79
16 71 17 73
18 72 20 73
21 72 24 73
16 74 16 79
17 74 17 79
18 78 20 79
21 74 22 76
23 74 24 76
21 77 22 79
23 77 24 79
0 80 1 82
2 80 3 82
0 83 2 84
4 83 6 84
9 80 12 81
13 81 16 82
11 83 16 83
7 84 13 84
10 85 16 85
17 80 24 80
17 81 24 81
17 82 24 82
17 83 24 83
17 84 24 84
17 85 24 85
0 86 7 86
0 87 7 87
0 88 7 88
0 89 7 89
8 86 11 87
8 88 11 89
12 86 14 87
14 88 16 89
0 91 3 92
4 91 6 92
7 91 9 92
12 91 15 92
2 93 4 94
5 93 8 94
9 93 16 93
9 94 16 94
0 96 2 97
3 95 4 97
5 95 6 97
9 95 12 96
7 97 12 97
13 96 16 97
0 98 6 98
7 98 13 98
3 99 9 99
20 86 21 88
22 87 24 88
17 89 17 94
18 89 18 94
19 90 21 91
19 92 21 93
22 89 24 90
22 91 24 92
19 97 20 99
21 94 22 97
23 97 24 99
25 0 26 2
32 1 34 2
25 4 27 5
28 3 30 4
33 3 34 5
35 0 42 0
38 1 43 1
44 1 49 1
49 2 54 2
36 3 39 4
40 3 45 3
40 4 45 4
48 3 50 4
51 3 54 4
40 5 45 5
46 5 51 5
26 6 27 9
28 6 30 7
31 6 34 7
28 8 34 8
28 9 34 9
35 6 38 7
35 8 38 9
41 6 43 7
44 6 47 7
51 6 54 7
43 8 49 8
39 9 46 9
47 9 54 9
25 10 30 10
26 12 27 14
28 12 30 13
36 10 41 10
36 11 41 11
32 12 33 14
34 12 37 13
40 12 41 14
28 15 30 16
28 18 30 19
31 15 33 16
31 18 33 19
36 15 37 18
38 15 41 16
38 17 39 19
40 17 41 19
42 10 44 11
45 10 48 11
49 11 54 11
48 12 54 12
43 13 44 16
45 13 48 14
45 15 48 16
49 13 51 14
51 15 54 16
42 17 44 18
46 17 47 19
49 17 50 19
51 18 54 19
27 20 28 22
29 21 31 22
32 20 34 21
25 23 26 26
27 25 28 27
27 28 28 31
29 25 30 28
31 23 31 28
33 23 34 25
33 26 34 28
29 29 30 31
35 23 36 26
37 20 40 21
37 22 40 23
37 24 40 25
41 20 41 27
42 20 42 27
43 20 43 27
44 20 44 27
45 20 45 27
35 28 37 29
41 28 44 29
37 30 40 31
46 20 49 21
46 22 49 23
51 20 52 23
53 20 54 23
46 24 48 25
46 26 48 27
49 24 52 25
49 26 52 27
53 24 54 27
46 28 47 31
48 28 49 31
50 28 52 29
50 30 52 31
53 28 54 31
55 0 57 1
61 0 67 0
61 1 67 1
72 0 78 0
68 1 74 1
55 2 57 3
58 2 61 3
64 2 67 3
72 2 74 3
75 2 78 3
55 4 56 6
57 7 58 9
59 4 60 6
59 7 60 9
55 10 60 10
55 11 60 11
61 4 66 4
61 5 66 5
61 7 66 7
61 8 66 8
61 9 66 9
61 11 66 11
67 6 68 9
69 6 70 9
72 5 75 6
71 8 73 9
70 10 75 10
67 11 72 11
76 4 78 5
76 8 77 11
55 12 57 13
57 14 60 15
55 16 57 17
58 16 60 17
61 12 68 12
69 12 75 12
61 13 68 13
69 13 75 13
61 14 62 16
63 16 64 18
65 16 66 18
67 15 68 18
69 14 70 16
74 14 75 16
73 17 75 18
76 14 78 15
76 16 78 17
55 19 57 20
58 19 59 21
60 19 61 21
63 19 64 21
58 22 61 23
62 22 64 23
65 22 68 23
60 24 66 24
69 19 71 20
72 19 73 21
69 22 71 23
74 19 74 24
76 19 78 20
76 22 78 23
55 26 58 27
59 26 61 27
62 26 64 27
70 25 75 25
68 26 74 26
68 27 73 27
55 28 62 28
55 29 62 29
55 30 58 31
59 30 62 31
65 28 71 28
63 29 70 29
63 30 70 30
71 29 78 29
71 30 78 30
63 31 70 31
71 31 78 31
79 0 85 0
86 0 93 0
79 1 85 1
86 1 93 1
79 2 86 2
79 3 86 3
79 4 86 4
87 3 89 4
90 3 93 4
79 5 85 5
86 5 93 5
79 6 86 6
87 6 93 6
79 7 84 7
85 7 90 7
82 8 87 8
79 9 86 9
87 9 93 9
95 0 96 3
98 0 99 3
94 4 96 5
94 6 99 6
94 8 99 8
94 9 99 9
79 10 80 13
81 10 82 13
79 14 79 20
80 14 80 20
81 14 82 17
81 18 82 20
79 21 80 24
79 28 80 31
81 23 82 26
81 27 82 29
83 13 83 19
84 14 84 19
83 20 84 22
83 23 84 25
83 29 84 31
85 10 86 13
85 15 86 18
85 24 85 31
86 22 86 27
87 10 87 16
88 10 88 16
87 17 88 20
87 21 88 24
87 25 88 27
87 28 88 31
89 10 90 12
91 12 92 14
96 10 99 11
98 12 99 14
89 15 90 17
91 16 93 17
98 15 99 17
89 18 92 19
89 21 92 22
93 19 96 20
93 21 96 22
89 23 96 23
89 24 96 24
95 25 96 27
90 28 91 31
92 28 93 31
95 28 96 31
98 18 99 20
97 21 99 22
97 23 99 24
98 25 99 27
97 28 99 29
26 37 27 39
26 40 26 45
27 40 27 45
26 46 27 49
26 50 27 53
25 54 27 55
25 56 27 57
28 32 31 33
32 33 35 34
30 38 32 39
33 36 35 37
33 38 35 39
28 40 35 40
28 41 35 41
28 42 35 42
28 44 31 45
34 43 35 45
28 46 31 47
28 48 31 49
28 50 30 51
32 46 33 49
32 50 33 52
34 46 34 52
35 46 35 52
28 53 35 53
28 54 35 54
28 55 29 57
30 55 31 57
32 56 35 57
36 32 37 35
36 36 37 39
38 32 39 35
38 36 39 39
40 32 43 33
40 34 43 35
40 36 43 37
40 38 43 39
44 32 47 33
44 34 45 36
48 34 49 36
50 34 52 35
44 37 45 39
46 37 47 39
48 37 49 39
50 37 51 39
36 40 42 40
36 41 42 41
43 40 46 41
40 42 46 42
36 46 36 51
37 43 37 48
38 43 38 49
39 43 40 46
41 47 43 48
45 45 46 48
41 49 42 51
45 49 46 51
36 52 37 54
36 55 38 56
40 52 40 57
41 52 46 52
41 53 46 53
41 55 46 55
43 56 46 57
47 40 48 42
47 43 48 45
48 46 49 49
47 51 49 52
50 40 52 41
50 42 52 43
50 47 52 48
50 49 52 50
47 54 49 55
49 56 52 57
25 59 27 60
25 61 27 62
25 64 27 65
28 58 31 59
28 60 31 61
28 62 29 65
30 62 31 65
26 66 27 69
30 66 31 69
25 70 28 71
29 70 31 71
25 73 27 74
28 72 29 74
32 58 34 59
32 61 34 62
32 64 33 66
32 69 34 70
32 72 34 73
35 58 38 59
35 60 38 61
36 62 36 67
37 62 38 64
37 65 38 67
35 69 38 70
39 58 39 65
40 58 40 65
39 67 40 70
41 58 42 60
44 59 46 60
41 61 46 61
41 62 46 62
41 63 43 64
44 63 46 64
41 65 42 67
41 68 42 70
43 66 46 67
43 68 44 70
40 71 46 71
35 72 41 72
35 73 40 73
41 73 46 73
40 74 46 74
48 58 49 61
47 62 49 63
48 64 49 66
47 67 49 68
47 70 48 72
47 73 49 74
50 63 50 68
51 59 52 62
51 63 52 65
51 71 52 74
25 75 31 75
32 75 38 75
39 75 45 75
46 75 52 75
30 76 37 76
38 76 44 76
45 76 52 76
26 77 29 78
30 77 33 78
34 77 37 78
25 79 31 79
32 79 38 79
39 78 42 79
43 78 46 79
47 77 49 78
30 80 36 80
30 81 36 81
32 82 38 82
39 81 41 82
43 81 46 82
47 80 49 81
50 81 52 82
53 32 53 37
53 38 53 43
54 36 54 43
55 37 55 43
53 47 55 48
53 49 55 50
53 53 55 54
53 55 54 57
56 32 57 34
56 35 57 38
56 39 56 46
57 39 57 46
56 51 56 58
57 52 57 58
58 36 58 41
58 42 58 49
59 36 59 43
60 32 60 38
59 44 60 47
59 50 60 53
61 33 63 34
61 35 63 36
61 38 63 39
61 40 62 43
61 44 62 47
61 49 62 52
62 53 62 58
63 42 63 48
63 49 63 54
64 32 64 38
64 39 64 46
64 52 64 58
65 39 65 46
65 47 65 53
66 32 66 39
66 45 66 51
66 52 66 58
68 32 69 35
71 32 72 35
67 40 67 46
68 41 68 46
69 36 69 42
70 36 72 37
70 40 72 41
71 43 72 46
70 48 72 49
67 51 69 52
70 50 72 51
67 54 69 55
67 56 69 57
70 53 70 58
71 53 71 58
73 32 75 33
76 32 79 33
75 34 77 35
80 32 81 35
82 32 83 35
73 37 76 38
73 40 76 41
79 36 80 38
77 39 78 41
79 39 80 41
81 36 84 37
81 38 84 39
81 40 84 41
73 42 79 42
73 43 79 43
78 44 84 44
73 45 78 45
73 47 76 48
77 46 84 46
77 47 84 47
77 48 84 48
73 49 75 50
73 52 75 53
76 51 77 53
73 54 74 57
76 54 78 55
79 49 81 50
82 49 84 50
79 51 84 51
79 52 84 52
79 53 80 55
79 56 80 58
82 53 84 54
83 56 84 58
85 33 88 34
85 35 88 36
89 34 90 36
85 37 87 38
86 40 87 43
88 37 88 43
89 37 89 43
90 37 91 40
85 44 91 44
85 45 91 45
85 46 85 52
86 46 86 52
89 46 91 47
87 48 89 49
87 50 88 52
89 51 91 52
86 53 87 55
88 53 89 55
85 57 88 58
89 57 91 58
92 32 93 34
92 35 93 37
94 32 94 37
95 32 95 37
96 32 97 34
96 35 97 37
98 35 99 37
92 39 95 40
92 41 95 42
92 43 95 44
96 38 96 44
97 38 97 44
98 38 98 44
92 45 93 47
94 45 96 46
97 46 99 47
92 49 95 50
96 49 99 50
94 52 96 53
92 54 93 56
94 54 95 56
94 57 96 58
97 51 97 58
98 51 98 58
99 51 99 58
53 59 59 59
53 60 59 60
60 59 62 60
57 61 64 61
54 62 55 64
53 65 55 66
56 62 57 64
58 63 60 64
56 65 59 66
61 62 64 63
61 65 64 66
66 59 67 62
68 59 70 60
71 59 74 60
68 61 71 62
72 61 74 62
67 63 69 64
72 63 74 64
75 59 77 60
75 61 77 62
79 59 80 62
81 59 86 59
83 61 86 62
77 63 83 63
75 65 81 65
75 66 80 66
85 63 86 66
87 59 94 59
87 60 94 60
87 61 94 61
95 59 96 61
87 62 89 63
90 62 93 63
94 63 96 64
97 62 99 63
87 65 94 65
87 66 94 66
55 67 56 69
59 67 60 69
53 70 54 72
61 67 63 68
61 70 62 72
63 70 65 71
66 67 68 68
66 71 68 72
70 67 70 72
71 67 71 72
72 67 75 68
76 67 79 68
75 69 77 70
72 71 79 71
72 72 79 72
80 67 81 69
82 67 83 69
80 71 83 72
84 69 85 72
86 67 87 70
88 67 90 68
88 69 93 69
90 71 93 72
94 67 97 68
94 69 97 70
94 71 97 72
98 69 99 72
53 74 55 75
53 76 55 77
59 75 60 77
53 79 56 80
53 81 56 82
57 79 60 80
57 81 60 82
64 73 69 73
61 74 66 74
67 74 74 74
71 75 72 77
64 78 71 78
61 79 67 79
68 79 74 79
61 81 63 82
64 80 65 82
69 80 70 82
71 80 72 82
73 80 74 82
75 74 77 75
80 73 81 75
82 74 84 75
77 76 84 76
77 77 84 77
79 78 84 78
75 79 78 80
79 79 84 79
79 80 84 80
76 81 79 82
82 81 84 82
85 77 85 82
86 73 86 78
87 73 87 78
88 75 88 82
91 75 93 76
94 73 95 76
96 73 99 74
96 75 99 76
91 77 93 78
94 77 96 78
97 77 99 78
89 79 96 79
89 80 96 80
90 81 93 82
94 81 99 81
94 82 99 82
25 86 26 88
26 89 27 92
25 96 27 97
29 89 30 91
28 92 30 93
29 96 30 99
31 85 32 87
31 88 32 91
31 92 32 95
31 96 32 99
33 87 33 94
34 87 34 94
33 96 34 99
35 85 36 87
37 85 38 87
35 89 38 90
39 84 42 85
39 87 42 88
39 89 42 90
43 83 44 86
43 87 44 90
45 85 47 86
45 87 47 88
40 91 47 91
41 92 47 92
35 93 41 93
35 94 41 94
42 94 47 94
35 95 40 95
35 96 40 96
41 95 44 96
45 95 47 96
39 97 44 97
40 98 47 98
35 99 41 99
42 99 47 99
48 83 50 84
48 86 50 87
49 88 50 90
51 88 52 90
48 92 50 93
51 91 52 93
53 83 53 90
54 87 54 93
55 83 56 85
57 83 58 85
55 87 57 88
55 91 56 93
57 91 58 93
48 94 49 96
50 95 52 96
49 97 50 99
51 97 52 99
54 97 55 99
56 95 58 96
56 98 58 99
59 83 59 90
59 91 59 97
60 92 60 99
61 83 66 83
61 84 66 84
63 85 66 86
61 87 62 90
63 87 66 88
63 89 66 90
67 83 67 90
68 83 69 86
68 87 69 90
72 83 74 84
70 88 71 90
73 86 74 88
75 83 76 85
77 83 78 85
75 86 78 87
79 85 80 87
81 85 82 87
77 88 78 90
79 88 80 90
61 96 62 99
63 94 63 99
64 91 64 96
65 94 65 99
66 94 66 99
67 94 67 99
68 91 68 97
69 92 71 93
69 94 71 95
69 97 70 99
72 91 75 92
72 93 75 94
72 95 73 97
74 95 75 97
79 91 82 92
78 93 81 94
79 95 80 97
81 95 82 97
76 98 82 98
76 99 82 99
83 84 86 85
83 87 86 88
87 83 89 84
87 87 89 88
90 85 91 88
92 83 92 88
94 83 95 85
96 84 99 85
96 87 99 88
83 89 83 94
84 89 84 94
87 89 88 91
85 92 86 94
87 97 88 99
89 90 92 91
93 90 95 91
94 92 95 94
91 97 92 99
93 95 95 96
93 98 95 99
96 89 97 92
98 89 99 92
96 93 97 96
98 93 99 96
96 98 99 99
