143
0 3 1 6
2 0 5 2
2 3 5 4
2 5 5 6
6 0 13 0
6 1 13 1
6 2 13 2
6 3 13 3
6 4 9 6
10 4 13 6
14 0 16 3
14 4 16 6
17 0 21 1
17 2 21 3
17 4 18 6
19 4 21 6
22 0 27 1
28 0 36 0
28 1 36 1
22 2 29 2
22 3 29 3
30 2 36 2
30 3 36 3
22 4 27 5
22 6 27 6
28 5 32 6
33 4 36 6
37 0 39 2
40 0 43 2
40 3 43 4
37 5 43 5
37 6 43 6
44 0 46 2
47 0 49 2
44 3 49 4
44 5 49 6
0 7 1 11
2 7 3 11
0 12 1 16
2 12 3 16
4 7 8 8
4 9 8 10
4 11 5 16
6 11 8 13
6 14 8 16
9 7 20 7
21 7 32 7
36 7 45 7
9 8 18 8
27 8 36 8
37 8 46 8
9 9 18 9
19 9 29 9
30 9 39 9
40 9 49 9
9 10 18 10
9 11 18 11
19 10 30 10
19 11 30 11
31 10 38 10
39 10 49 10
31 11 39 11
40 11 49 11
9 12 20 12
9 13 17 13
18 13 26 13
9 14 17 14
18 14 26 14
27 12 37 12
38 12 49 12
27 13 37 13
38 13 49 13
27 14 37 14
38 14 49 14
9 15 19 15
9 16 19 16
20 15 27 15
20 16 27 16
28 15 38 15
39 15 49 15
28 16 38 16
39 16 49 16
0 17 4 18
0 19 4 20
5 17 10 18
5 19 10 20
18 17 28 17
11 18 19 18
20 18 28 18
11 19 19 19
20 19 28 19
11 20 19 20
20 20 28 20
29 17 31 20
32 17 34 20
35 17 44 17
40 18 49 18
35 19 37 20
38 19 42 20
43 19 47 20
0 21 3 23
4 21 7 23
8 21 11 23
12 21 15 23
17 21 20 23
0 24 1 29
2 24 3 29
4 24 6 25
7 24 10 25
4 26 10 26
4 27 10 27
11 24 12 27
4 28 14 28
4 29 14 29
15 24 20 24
15 25 20 26
15 27 17 29
18 27 20 29
21 21 29 21
30 21 38 21
21 22 29 22
21 23 22 25
23 23 25 25
26 24 30 25
31 23 34 25
35 23 38 25
21 26 26 27
21 28 26 29
27 26 38 26
27 28 32 29
33 27 38 28
33 29 38 29
39 21 42 22
39 23 42 24
39 25 40 29
41 25 42 29
43 21 45 22
43 23 45 25
43 26 45 29
46 21 46 29
47 21 47 29
48 21 48 29
49 21 49 29
